[ 2014-05-23T15:25:55+08:00 ] 127.0.0.1 /cardmanage/personal.php/Index/index
INFO: [ route_check ] --START--
INFO: CheckRoute Behavior ::run [ RunTime:0.003713s ]
INFO: [ route_check ] --END-- [ RunTime:0.003935s ]
INFO: [ app_begin ] --START--
INFO: ReadHtmlCache Behavior ::run [ RunTime:0.001897s ]
INFO: [ app_begin ] --END-- [ RunTime:0.002090s ]

[ 2014-05-23T15:25:56+08:00 ] 127.0.0.1 /cardmanage/personal.php/login/index.shtml
INFO: [ route_check ] --START--
INFO: CheckRoute Behavior ::run [ RunTime:0.002152s ]
INFO: [ route_check ] --END-- [ RunTime:0.002360s ]
INFO: [ app_begin ] --START--
INFO: ReadHtmlCache Behavior ::run [ RunTime:0.001914s ]
INFO: [ app_begin ] --END-- [ RunTime:0.002123s ]
INFO: [ view_parse ] --START--
NOTIC: [8] Undefined variable: erro C:\wamp\www\cardmanage\Personal\Runtime\Cache\7bf1eac34fc0a867d9e131dfad2e3da8.php 第 15 行.
INFO: ParseTemplate Behavior ::run [ RunTime:0.147589s ]
INFO: [ view_parse ] --END-- [ RunTime:0.147780s ]
INFO: [ view_filter ] --START--
INFO: ContentReplace Behavior ::run [ RunTime:0.001494s ]
INFO: TokenBuild Behavior ::run [ RunTime:0.001432s ]
INFO: WriteHtmlCache Behavior ::run [ RunTime:0.002203s ]
INFO: ShowRuntime Behavior ::run [ RunTime:0.002850s ]
INFO: [ view_filter ] --END-- [ RunTime:0.008475s ]
INFO: [ view_end ] --START--
INFO: ShowPageTrace Behavior ::run [ RunTime:0.001810s ]
INFO: [ view_end ] --END-- [ RunTime:0.001976s ]

[ 2014-05-23T15:25:57+08:00 ] 127.0.0.1 /cardmanage/personal.php/Public/verify
INFO: [ route_check ] --START--
INFO: CheckRoute Behavior ::run [ RunTime:0.001624s ]
INFO: [ route_check ] --END-- [ RunTime:0.001800s ]
INFO: [ app_begin ] --START--
INFO: ReadHtmlCache Behavior ::run [ RunTime:0.001151s ]
INFO: [ app_begin ] --END-- [ RunTime:0.001292s ]

