[ 2014-05-20T17:34:54+08:00 ] 27.211.186.201 /personal
INFO: [ app_begin ] --START--
INFO: ReadHtmlCache Behavior ::run [ RunTime:0.000237s ]
INFO: [ app_begin ] --END-- [ RunTime:0.000281s ]

[ 2014-05-20T17:34:54+08:00 ] 27.211.186.201 /personal.php/login/index.shtml
INFO: [ route_check ] --START--
INFO: CheckRoute Behavior ::run [ RunTime:0.000378s ]
INFO: [ route_check ] --END-- [ RunTime:0.000416s ]
INFO: [ app_begin ] --START--
INFO: ReadHtmlCache Behavior ::run [ RunTime:0.000225s ]
INFO: [ app_begin ] --END-- [ RunTime:0.000258s ]
NOTIC: [2] Cannot modify header information - headers already sent by (output started at /var/www/cardmanage/Personal/Lib/Action/LoginAction.class.php:114) /var/www/cardmanage/Personal/Lib/Action/PublicAction.class.php 第 20 行.
INFO: [ view_parse ] --START--
NOTIC: [8] Undefined variable: erro /var/www/cardmanage/Personal/Runtime/Cache/7bf1eac34fc0a867d9e131dfad2e3da8.php 第 15 行.
INFO: ParseTemplate Behavior ::run [ RunTime:0.003746s ]
INFO: [ view_parse ] --END-- [ RunTime:0.003783s ]
INFO: [ view_filter ] --START--
INFO: ContentReplace Behavior ::run [ RunTime:0.000131s ]
INFO: TokenBuild Behavior ::run [ RunTime:0.000144s ]
INFO: WriteHtmlCache Behavior ::run [ RunTime:0.000079s ]
INFO: ShowRuntime Behavior ::run [ RunTime:0.000183s ]
INFO: [ view_filter ] --END-- [ RunTime:0.000631s ]
NOTIC: [2] Cannot modify header information - headers already sent by (output started at /var/www/cardmanage/Personal/Lib/Action/LoginAction.class.php:114) /var/www/cardmanage/ThinkPHP/Lib/Core/View.class.php 第 95 行.
NOTIC: [2] Cannot modify header information - headers already sent by (output started at /var/www/cardmanage/Personal/Lib/Action/LoginAction.class.php:114) /var/www/cardmanage/ThinkPHP/Lib/Core/View.class.php 第 96 行.
NOTIC: [2] Cannot modify header information - headers already sent by (output started at /var/www/cardmanage/Personal/Lib/Action/LoginAction.class.php:114) /var/www/cardmanage/ThinkPHP/Lib/Core/View.class.php 第 97 行.
INFO: [ view_end ] --START--
INFO: ShowPageTrace Behavior ::run [ RunTime:0.000268s ]
INFO: [ view_end ] --END-- [ RunTime:0.000305s ]

[ 2014-05-20T17:34:54+08:00 ] 27.211.186.201 /personal.php/Public/verify
INFO: [ route_check ] --START--
INFO: CheckRoute Behavior ::run [ RunTime:0.000373s ]
INFO: [ route_check ] --END-- [ RunTime:0.000408s ]
INFO: [ app_begin ] --START--
INFO: ReadHtmlCache Behavior ::run [ RunTime:0.000225s ]
INFO: [ app_begin ] --END-- [ RunTime:0.000259s ]

[ 2014-05-20T17:35:00+08:00 ] 27.211.186.201 /personal.php/Login/islogin
INFO: [ route_check ] --START--
INFO: CheckRoute Behavior ::run [ RunTime:0.000370s ]
INFO: [ route_check ] --END-- [ RunTime:0.000408s ]
INFO: [ app_begin ] --START--
INFO: ReadHtmlCache Behavior ::run [ RunTime:0.000226s ]
INFO: [ app_begin ] --END-- [ RunTime:0.000260s ]
NOTIC: [2] Cannot modify header information - headers already sent by (output started at /var/www/cardmanage/Personal/Lib/Action/LoginAction.class.php:114) /var/www/cardmanage/Personal/Lib/Action/PublicAction.class.php 第 20 行.
SQL: select a.attname as "Field",
            t.typname as "Type",
            a.attnotnull as "Null",
            i.indisprimary as "Key",
            d.adsrc as "Default"
            from pg_class c
            inner join pg_attribute a on a.attrelid = c.oid
            inner join pg_type t on a.atttypid = t.oid
            left join pg_attrdef d on a.attrelid=d.adrelid and d.adnum=a.attnum
            left join pg_index i on a.attnum=ANY(i.indkey) and c.oid = i.indrelid
            where (c.relname='cb_users' or c.relname = lower('cb_users'))   AND a.attnum > 0
                order by a.attnum asc; [ RunTime:0.003218s ]
SQL: SELECT * FROM cb_users WHERE ( loginname='admin' and loginpwd='123456' ) LIMIT 1   [ RunTime:0.000519s ]
INFO: [ view_parse ] --START--
INFO: ParseTemplate Behavior ::run [ RunTime:0.003977s ]
INFO: [ view_parse ] --END-- [ RunTime:0.004023s ]
INFO: [ view_filter ] --START--
INFO: ContentReplace Behavior ::run [ RunTime:0.000146s ]
INFO: TokenBuild Behavior ::run [ RunTime:0.000147s ]
INFO: WriteHtmlCache Behavior ::run [ RunTime:0.000083s ]
INFO: ShowRuntime Behavior ::run [ RunTime:0.000189s ]
INFO: [ view_filter ] --END-- [ RunTime:0.000663s ]
NOTIC: [2] Cannot modify header information - headers already sent by (output started at /var/www/cardmanage/Personal/Lib/Action/LoginAction.class.php:114) /var/www/cardmanage/ThinkPHP/Lib/Core/View.class.php 第 95 行.
NOTIC: [2] Cannot modify header information - headers already sent by (output started at /var/www/cardmanage/Personal/Lib/Action/LoginAction.class.php:114) /var/www/cardmanage/ThinkPHP/Lib/Core/View.class.php 第 96 行.
NOTIC: [2] Cannot modify header information - headers already sent by (output started at /var/www/cardmanage/Personal/Lib/Action/LoginAction.class.php:114) /var/www/cardmanage/ThinkPHP/Lib/Core/View.class.php 第 97 行.
INFO: [ view_end ] --START--
INFO: ShowPageTrace Behavior ::run [ RunTime:0.000289s ]
INFO: [ view_end ] --END-- [ RunTime:0.000327s ]

[ 2014-05-20T17:35:00+08:00 ] 27.211.186.201 /personal.php/Public/verify
INFO: [ route_check ] --START--
INFO: CheckRoute Behavior ::run [ RunTime:0.000386s ]
INFO: [ route_check ] --END-- [ RunTime:0.000426s ]
INFO: [ app_begin ] --START--
INFO: ReadHtmlCache Behavior ::run [ RunTime:0.000237s ]
INFO: [ app_begin ] --END-- [ RunTime:0.000271s ]

[ 2014-05-20T17:35:11+08:00 ] 27.211.186.201 /personal.php/Login/islogin
INFO: [ route_check ] --START--
INFO: CheckRoute Behavior ::run [ RunTime:0.000378s ]
INFO: [ route_check ] --END-- [ RunTime:0.000416s ]
INFO: [ app_begin ] --START--
INFO: ReadHtmlCache Behavior ::run [ RunTime:0.000227s ]
INFO: [ app_begin ] --END-- [ RunTime:0.000261s ]
NOTIC: [2] Cannot modify header information - headers already sent by (output started at /var/www/cardmanage/Personal/Lib/Action/LoginAction.class.php:114) /var/www/cardmanage/Personal/Lib/Action/PublicAction.class.php 第 20 行.
SQL: select a.attname as "Field",
            t.typname as "Type",
            a.attnotnull as "Null",
            i.indisprimary as "Key",
            d.adsrc as "Default"
            from pg_class c
            inner join pg_attribute a on a.attrelid = c.oid
            inner join pg_type t on a.atttypid = t.oid
            left join pg_attrdef d on a.attrelid=d.adrelid and d.adnum=a.attnum
            left join pg_index i on a.attnum=ANY(i.indkey) and c.oid = i.indrelid
            where (c.relname='cb_users' or c.relname = lower('cb_users'))   AND a.attnum > 0
                order by a.attnum asc; [ RunTime:0.003184s ]
SQL: SELECT * FROM cb_users WHERE ( loginname='18653110966' and loginpwd='123456' ) LIMIT 1   [ RunTime:0.000536s ]

[ 2014-05-20T17:35:11+08:00 ] 27.211.186.201 /personal.php/Index/index
INFO: [ route_check ] --START--
INFO: CheckRoute Behavior ::run [ RunTime:0.000382s ]
INFO: [ route_check ] --END-- [ RunTime:0.000420s ]
INFO: [ app_begin ] --START--
INFO: ReadHtmlCache Behavior ::run [ RunTime:0.000238s ]
INFO: [ app_begin ] --END-- [ RunTime:0.000272s ]
INFO: [ view_parse ] --START--
INFO: ParseTemplate Behavior ::run [ RunTime:0.003268s ]
INFO: [ view_parse ] --END-- [ RunTime:0.003305s ]
INFO: [ view_filter ] --START--
INFO: ContentReplace Behavior ::run [ RunTime:0.000122s ]
INFO: TokenBuild Behavior ::run [ RunTime:0.000148s ]
INFO: WriteHtmlCache Behavior ::run [ RunTime:0.000079s ]
INFO: ShowRuntime Behavior ::run [ RunTime:0.000180s ]
INFO: [ view_filter ] --END-- [ RunTime:0.000621s ]
INFO: [ view_end ] --START--
INFO: ShowPageTrace Behavior ::run [ RunTime:0.000270s ]
INFO: [ view_end ] --END-- [ RunTime:0.000308s ]

[ 2014-05-20T17:35:11+08:00 ] 27.211.186.201 /personal.php/Index/top
INFO: [ route_check ] --START--
INFO: CheckRoute Behavior ::run [ RunTime:0.000378s ]
INFO: [ route_check ] --END-- [ RunTime:0.000415s ]
INFO: [ app_begin ] --START--
INFO: ReadHtmlCache Behavior ::run [ RunTime:0.000227s ]
INFO: [ app_begin ] --END-- [ RunTime:0.000261s ]
INFO: [ view_parse ] --START--
INFO: ParseTemplate Behavior ::run [ RunTime:0.003393s ]
INFO: [ view_parse ] --END-- [ RunTime:0.003430s ]
INFO: [ view_filter ] --START--
INFO: ContentReplace Behavior ::run [ RunTime:0.000125s ]
INFO: TokenBuild Behavior ::run [ RunTime:0.000140s ]
INFO: WriteHtmlCache Behavior ::run [ RunTime:0.000076s ]
INFO: ShowRuntime Behavior ::run [ RunTime:0.000179s ]
INFO: [ view_filter ] --END-- [ RunTime:0.000620s ]
INFO: [ view_end ] --START--
INFO: ShowPageTrace Behavior ::run [ RunTime:0.000261s ]
INFO: [ view_end ] --END-- [ RunTime:0.000298s ]

[ 2014-05-20T17:35:12+08:00 ] 27.211.186.201 /personal.php/Index/menu
INFO: [ route_check ] --START--
INFO: CheckRoute Behavior ::run [ RunTime:0.000388s ]
INFO: [ route_check ] --END-- [ RunTime:0.001607s ]
INFO: [ app_begin ] --START--
INFO: ReadHtmlCache Behavior ::run [ RunTime:0.000230s ]
INFO: [ app_begin ] --END-- [ RunTime:0.000264s ]
SQL: select a.attname as "Field",
            t.typname as "Type",
            a.attnotnull as "Null",
            i.indisprimary as "Key",
            d.adsrc as "Default"
            from pg_class c
            inner join pg_attribute a on a.attrelid = c.oid
            inner join pg_type t on a.atttypid = t.oid
            left join pg_attrdef d on a.attrelid=d.adrelid and d.adnum=a.attnum
            left join pg_index i on a.attnum=ANY(i.indkey) and c.oid = i.indrelid
            where (c.relname='cb_users' or c.relname = lower('cb_users'))   AND a.attnum > 0
                order by a.attnum asc; [ RunTime:0.003280s ]
SQL: select a.attname as "Field",
            t.typname as "Type",
            a.attnotnull as "Null",
            i.indisprimary as "Key",
            d.adsrc as "Default"
            from pg_class c
            inner join pg_attribute a on a.attrelid = c.oid
            inner join pg_type t on a.atttypid = t.oid
            left join pg_attrdef d on a.attrelid=d.adrelid and d.adnum=a.attnum
            left join pg_index i on a.attnum=ANY(i.indkey) and c.oid = i.indrelid
            where (c.relname='cb_donate' or c.relname = lower('cb_donate'))   AND a.attnum > 0
                order by a.attnum asc; [ RunTime:0.001243s ]
SQL: SELECT * FROM cb_users WHERE ( id=17 )  [ RunTime:0.000337s ]
SQL: SELECT SUM(money) AS tp_sum FROM cb_donate WHERE ( userid=17 ) LIMIT 1   [ RunTime:0.000323s ]
INFO: [ view_parse ] --START--
INFO: ParseTemplate Behavior ::run [ RunTime:0.005213s ]
INFO: [ view_parse ] --END-- [ RunTime:0.005259s ]
INFO: [ view_filter ] --START--
INFO: ContentReplace Behavior ::run [ RunTime:0.000169s ]
INFO: TokenBuild Behavior ::run [ RunTime:0.000146s ]
INFO: WriteHtmlCache Behavior ::run [ RunTime:0.000077s ]
INFO: ShowRuntime Behavior ::run [ RunTime:0.000186s ]
INFO: [ view_filter ] --END-- [ RunTime:0.000672s ]
INFO: [ view_end ] --START--
INFO: ShowPageTrace Behavior ::run [ RunTime:0.000278s ]
INFO: [ view_end ] --END-- [ RunTime:0.000315s ]

[ 2014-05-20T17:35:12+08:00 ] 27.211.186.201 /personal.php/Index/bottom
INFO: [ route_check ] --START--
INFO: CheckRoute Behavior ::run [ RunTime:0.000428s ]
INFO: [ route_check ] --END-- [ RunTime:0.000483s ]
INFO: [ app_begin ] --START--
INFO: ReadHtmlCache Behavior ::run [ RunTime:0.000258s ]
INFO: [ app_begin ] --END-- [ RunTime:0.000296s ]
INFO: [ view_parse ] --START--
INFO: ParseTemplate Behavior ::run [ RunTime:0.003809s ]
INFO: [ view_parse ] --END-- [ RunTime:0.003857s ]
INFO: [ view_filter ] --START--
INFO: ContentReplace Behavior ::run [ RunTime:0.000136s ]
INFO: TokenBuild Behavior ::run [ RunTime:0.000151s ]
INFO: WriteHtmlCache Behavior ::run [ RunTime:0.000085s ]
INFO: ShowRuntime Behavior ::run [ RunTime:0.000191s ]
INFO: [ view_filter ] --END-- [ RunTime:0.000658s ]
INFO: [ view_end ] --START--
INFO: ShowPageTrace Behavior ::run [ RunTime:0.000293s ]
INFO: [ view_end ] --END-- [ RunTime:0.000330s ]

[ 2014-05-20T17:35:12+08:00 ] 27.211.186.201 /personal.php/Index/main
INFO: [ route_check ] --START--
INFO: CheckRoute Behavior ::run [ RunTime:0.000388s ]
INFO: [ route_check ] --END-- [ RunTime:0.000429s ]
INFO: [ app_begin ] --START--
INFO: ReadHtmlCache Behavior ::run [ RunTime:0.000230s ]
INFO: [ app_begin ] --END-- [ RunTime:0.000265s ]
INFO: [ view_parse ] --START--
INFO: ParseTemplate Behavior ::run [ RunTime:0.003297s ]
INFO: [ view_parse ] --END-- [ RunTime:0.003340s ]
INFO: [ view_filter ] --START--
INFO: ContentReplace Behavior ::run [ RunTime:0.000123s ]
INFO: TokenBuild Behavior ::run [ RunTime:0.000143s ]
INFO: WriteHtmlCache Behavior ::run [ RunTime:0.000081s ]
INFO: ShowRuntime Behavior ::run [ RunTime:0.000183s ]
INFO: [ view_filter ] --END-- [ RunTime:0.000625s ]
INFO: [ view_end ] --START--
INFO: ShowPageTrace Behavior ::run [ RunTime:0.000268s ]
INFO: [ view_end ] --END-- [ RunTime:0.000306s ]

[ 2014-05-20T17:35:15+08:00 ] 27.211.186.201 /personal.php/Querybillrecord/index
INFO: [ route_check ] --START--
INFO: CheckRoute Behavior ::run [ RunTime:0.000379s ]
INFO: [ route_check ] --END-- [ RunTime:0.000419s ]
INFO: [ app_begin ] --START--
INFO: ReadHtmlCache Behavior ::run [ RunTime:0.000229s ]
INFO: [ app_begin ] --END-- [ RunTime:0.000263s ]
SQL: select a.attname as "Field",
            t.typname as "Type",
            a.attnotnull as "Null",
            i.indisprimary as "Key",
            d.adsrc as "Default"
            from pg_class c
            inner join pg_attribute a on a.attrelid = c.oid
            inner join pg_type t on a.atttypid = t.oid
            left join pg_attrdef d on a.attrelid=d.adrelid and d.adnum=a.attnum
            left join pg_index i on a.attnum=ANY(i.indkey) and c.oid = i.indrelid
            where (c.relname='cb_billrecord' or c.relname = lower('cb_billrecord'))   AND a.attnum > 0
                order by a.attnum asc; [ RunTime:0.003178s ]
SQL: SELECT COUNT(*) AS tp_count FROM cb_billrecord WHERE ( userid=17 ) LIMIT 1   [ RunTime:0.000370s ]
SQL: SELECT * FROM cb_billrecord WHERE ( userid=17 ) LIMIT 16 OFFSET 0   [ RunTime:0.000219s ]
SQL: SELECT SUM(duration) AS tp_sum FROM cb_billrecord WHERE ( userid=17 ) LIMIT 1   [ RunTime:0.000207s ]
SQL: SELECT SUM(cost) AS tp_sum FROM cb_billrecord WHERE ( userid=17 ) LIMIT 1   [ RunTime:0.000197s ]
INFO: [ view_parse ] --START--
NOTIC: [8] Undefined variable: userdata /var/www/cardmanage/Personal/Runtime/Cache/1a60424997dd1ec4db720095d951b7c7.php 第 74 行.
INFO: ParseTemplate Behavior ::run [ RunTime:0.005413s ]
INFO: [ view_parse ] --END-- [ RunTime:0.005457s ]
INFO: [ view_filter ] --START--
INFO: ContentReplace Behavior ::run [ RunTime:0.000212s ]
INFO: TokenBuild Behavior ::run [ RunTime:0.000152s ]
INFO: WriteHtmlCache Behavior ::run [ RunTime:0.000077s ]
INFO: ShowRuntime Behavior ::run [ RunTime:0.000190s ]
INFO: [ view_filter ] --END-- [ RunTime:0.000729s ]
INFO: [ view_end ] --START--
INFO: ShowPageTrace Behavior ::run [ RunTime:0.000277s ]
INFO: [ view_end ] --END-- [ RunTime:0.000315s ]

[ 2014-05-20T17:35:42+08:00 ] 27.211.186.201 /personal.php/querybillrecord/index/p/4.shtml
INFO: [ route_check ] --START--
INFO: CheckRoute Behavior ::run [ RunTime:0.000425s ]
INFO: [ route_check ] --END-- [ RunTime:0.000488s ]
INFO: [ app_begin ] --START--
INFO: ReadHtmlCache Behavior ::run [ RunTime:0.000247s ]
INFO: [ app_begin ] --END-- [ RunTime:0.000284s ]
SQL: select a.attname as "Field",
            t.typname as "Type",
            a.attnotnull as "Null",
            i.indisprimary as "Key",
            d.adsrc as "Default"
            from pg_class c
            inner join pg_attribute a on a.attrelid = c.oid
            inner join pg_type t on a.atttypid = t.oid
            left join pg_attrdef d on a.attrelid=d.adrelid and d.adnum=a.attnum
            left join pg_index i on a.attnum=ANY(i.indkey) and c.oid = i.indrelid
            where (c.relname='cb_billrecord' or c.relname = lower('cb_billrecord'))   AND a.attnum > 0
                order by a.attnum asc; [ RunTime:0.003169s ]
SQL: SELECT COUNT(*) AS tp_count FROM cb_billrecord WHERE ( userid=17 ) LIMIT 1   [ RunTime:0.000361s ]
SQL: SELECT * FROM cb_billrecord WHERE ( userid=17 ) LIMIT 16 OFFSET 48   [ RunTime:0.000246s ]
SQL: SELECT SUM(duration) AS tp_sum FROM cb_billrecord WHERE ( userid=17 ) LIMIT 1   [ RunTime:0.000204s ]
SQL: SELECT SUM(cost) AS tp_sum FROM cb_billrecord WHERE ( userid=17 ) LIMIT 1   [ RunTime:0.000189s ]
INFO: [ view_parse ] --START--
NOTIC: [8] Undefined variable: userdata /var/www/cardmanage/Personal/Runtime/Cache/1a60424997dd1ec4db720095d951b7c7.php 第 74 行.
INFO: ParseTemplate Behavior ::run [ RunTime:0.005586s ]
INFO: [ view_parse ] --END-- [ RunTime:0.005625s ]
INFO: [ view_filter ] --START--
INFO: ContentReplace Behavior ::run [ RunTime:0.000214s ]
INFO: TokenBuild Behavior ::run [ RunTime:0.000161s ]
INFO: WriteHtmlCache Behavior ::run [ RunTime:0.000090s ]
INFO: ShowRuntime Behavior ::run [ RunTime:0.000193s ]
INFO: [ view_filter ] --END-- [ RunTime:0.000752s ]
INFO: [ view_end ] --START--
INFO: ShowPageTrace Behavior ::run [ RunTime:0.000276s ]
INFO: [ view_end ] --END-- [ RunTime:0.000314s ]

[ 2014-05-20T17:36:09+08:00 ] 27.211.186.201 /personal.php/Querybillrecord/querybill
INFO: [ route_check ] --START--
INFO: CheckRoute Behavior ::run [ RunTime:0.000387s ]
INFO: [ route_check ] --END-- [ RunTime:0.000429s ]
INFO: [ app_begin ] --START--
INFO: ReadHtmlCache Behavior ::run [ RunTime:0.000231s ]
INFO: [ app_begin ] --END-- [ RunTime:0.000261s ]
SQL: select a.attname as "Field",
            t.typname as "Type",
            a.attnotnull as "Null",
            i.indisprimary as "Key",
            d.adsrc as "Default"
            from pg_class c
            inner join pg_attribute a on a.attrelid = c.oid
            inner join pg_type t on a.atttypid = t.oid
            left join pg_attrdef d on a.attrelid=d.adrelid and d.adnum=a.attnum
            left join pg_index i on a.attnum=ANY(i.indkey) and c.oid = i.indrelid
            where (c.relname='cb_billrecord' or c.relname = lower('cb_billrecord'))   AND a.attnum > 0
                order by a.attnum asc; [ RunTime:0.003157s ]
SQL: SELECT * FROM cb_billrecord WHERE ( starttime>=1400515200and endtime<=1400578505and userid=17 )  [ RunTime:0.000395s ]
SQL: SELECT SUM(duration) AS tp_sum FROM cb_billrecord WHERE ( starttime>=1400515200and endtime<=1400578505and userid=17 ) LIMIT 1   [ RunTime:0.000252s ]
SQL: SELECT SUM(cost) AS tp_sum FROM cb_billrecord WHERE ( starttime>=1400515200and endtime<=1400578505and userid=17 ) LIMIT 1   [ RunTime:0.000185s ]

[ 2014-05-20T17:36:17+08:00 ] 27.211.186.201 /personal.php/Querybillrecord/querybill
INFO: [ route_check ] --START--
INFO: CheckRoute Behavior ::run [ RunTime:0.000377s ]
INFO: [ route_check ] --END-- [ RunTime:0.000417s ]
INFO: [ app_begin ] --START--
INFO: ReadHtmlCache Behavior ::run [ RunTime:0.000241s ]
INFO: [ app_begin ] --END-- [ RunTime:0.000272s ]
SQL: select a.attname as "Field",
            t.typname as "Type",
            a.attnotnull as "Null",
            i.indisprimary as "Key",
            d.adsrc as "Default"
            from pg_class c
            inner join pg_attribute a on a.attrelid = c.oid
            inner join pg_type t on a.atttypid = t.oid
            left join pg_attrdef d on a.attrelid=d.adrelid and d.adnum=a.attnum
            left join pg_index i on a.attnum=ANY(i.indkey) and c.oid = i.indrelid
            where (c.relname='cb_billrecord' or c.relname = lower('cb_billrecord'))   AND a.attnum > 0
                order by a.attnum asc; [ RunTime:0.003132s ]
SQL: SELECT * FROM cb_billrecord WHERE ( starttime>=1400515200and endtime<=1400664905and userid=17 )  [ RunTime:0.000394s ]
SQL: SELECT SUM(duration) AS tp_sum FROM cb_billrecord WHERE ( starttime>=1400515200and endtime<=1400664905and userid=17 ) LIMIT 1   [ RunTime:0.000251s ]
SQL: SELECT SUM(cost) AS tp_sum FROM cb_billrecord WHERE ( starttime>=1400515200and endtime<=1400664905and userid=17 ) LIMIT 1   [ RunTime:0.000184s ]

[ 2014-05-20T17:36:26+08:00 ] 27.211.186.201 /personal.php/Querybillrecord/querybill
INFO: [ route_check ] --START--
INFO: CheckRoute Behavior ::run [ RunTime:0.000384s ]
INFO: [ route_check ] --END-- [ RunTime:0.000424s ]
INFO: [ app_begin ] --START--
INFO: ReadHtmlCache Behavior ::run [ RunTime:0.000228s ]
INFO: [ app_begin ] --END-- [ RunTime:0.000259s ]
SQL: select a.attname as "Field",
            t.typname as "Type",
            a.attnotnull as "Null",
            i.indisprimary as "Key",
            d.adsrc as "Default"
            from pg_class c
            inner join pg_attribute a on a.attrelid = c.oid
            inner join pg_type t on a.atttypid = t.oid
            left join pg_attrdef d on a.attrelid=d.adrelid and d.adnum=a.attnum
            left join pg_index i on a.attnum=ANY(i.indkey) and c.oid = i.indrelid
            where (c.relname='cb_billrecord' or c.relname = lower('cb_billrecord'))   AND a.attnum > 0
                order by a.attnum asc; [ RunTime:0.003139s ]
SQL: SELECT * FROM cb_billrecord WHERE ( starttime>=1398873600and endtime<=1400578505and userid=17 )  [ RunTime:0.000537s ]
SQL: SELECT SUM(duration) AS tp_sum FROM cb_billrecord WHERE ( starttime>=1398873600and endtime<=1400578505and userid=17 ) LIMIT 1   [ RunTime:0.000288s ]
SQL: SELECT SUM(cost) AS tp_sum FROM cb_billrecord WHERE ( starttime>=1398873600and endtime<=1400578505and userid=17 ) LIMIT 1   [ RunTime:0.000223s ]

[ 2014-05-20T17:36:27+08:00 ] 27.211.186.201 /personal.php/Querybillrecord/querybill
INFO: [ route_check ] --START--
INFO: CheckRoute Behavior ::run [ RunTime:0.000376s ]
INFO: [ route_check ] --END-- [ RunTime:0.000416s ]
INFO: [ app_begin ] --START--
INFO: ReadHtmlCache Behavior ::run [ RunTime:0.000227s ]
INFO: [ app_begin ] --END-- [ RunTime:0.000258s ]
SQL: select a.attname as "Field",
            t.typname as "Type",
            a.attnotnull as "Null",
            i.indisprimary as "Key",
            d.adsrc as "Default"
            from pg_class c
            inner join pg_attribute a on a.attrelid = c.oid
            inner join pg_type t on a.atttypid = t.oid
            left join pg_attrdef d on a.attrelid=d.adrelid and d.adnum=a.attnum
            left join pg_index i on a.attnum=ANY(i.indkey) and c.oid = i.indrelid
            where (c.relname='cb_billrecord' or c.relname = lower('cb_billrecord'))   AND a.attnum > 0
                order by a.attnum asc; [ RunTime:0.003123s ]
SQL: SELECT * FROM cb_billrecord WHERE ( starttime>=1398873600and endtime<=1400578505and userid=17 )  [ RunTime:0.000532s ]
SQL: SELECT SUM(duration) AS tp_sum FROM cb_billrecord WHERE ( starttime>=1398873600and endtime<=1400578505and userid=17 ) LIMIT 1   [ RunTime:0.000278s ]
SQL: SELECT SUM(cost) AS tp_sum FROM cb_billrecord WHERE ( starttime>=1398873600and endtime<=1400578505and userid=17 ) LIMIT 1   [ RunTime:0.000223s ]

