[ 2014-05-10T23:20:55+08:00 ] 218.59.85.201 /personal
INFO: [ app_begin ] --START--
INFO: ReadHtmlCache Behavior ::run [ RunTime:0.000234s ]
INFO: [ app_begin ] --END-- [ RunTime:0.000278s ]

[ 2014-05-10T23:20:55+08:00 ] 218.59.85.201 /personal.php/login/index.shtml
INFO: [ route_check ] --START--
INFO: CheckRoute Behavior ::run [ RunTime:0.000380s ]
INFO: [ route_check ] --END-- [ RunTime:0.000417s ]
INFO: [ app_begin ] --START--
INFO: ReadHtmlCache Behavior ::run [ RunTime:0.000226s ]
INFO: [ app_begin ] --END-- [ RunTime:0.000260s ]
NOTIC: [2] Cannot modify header information - headers already sent by (output started at /var/www/cardmanage/Personal/Lib/Action/LoginAction.class.php:114) /var/www/cardmanage/Personal/Lib/Action/PublicAction.class.php 第 20 行.
INFO: [ view_parse ] --START--
NOTIC: [8] Undefined variable: erro /var/www/cardmanage/Personal/Runtime/Cache/7bf1eac34fc0a867d9e131dfad2e3da8.php 第 15 行.
INFO: ParseTemplate Behavior ::run [ RunTime:0.003679s ]
INFO: [ view_parse ] --END-- [ RunTime:0.003714s ]
INFO: [ view_filter ] --START--
INFO: ContentReplace Behavior ::run [ RunTime:0.000139s ]
INFO: TokenBuild Behavior ::run [ RunTime:0.000142s ]
INFO: WriteHtmlCache Behavior ::run [ RunTime:0.000077s ]
INFO: ShowRuntime Behavior ::run [ RunTime:0.000182s ]
INFO: [ view_filter ] --END-- [ RunTime:0.000632s ]
NOTIC: [2] Cannot modify header information - headers already sent by (output started at /var/www/cardmanage/Personal/Lib/Action/LoginAction.class.php:114) /var/www/cardmanage/ThinkPHP/Lib/Core/View.class.php 第 95 行.
NOTIC: [2] Cannot modify header information - headers already sent by (output started at /var/www/cardmanage/Personal/Lib/Action/LoginAction.class.php:114) /var/www/cardmanage/ThinkPHP/Lib/Core/View.class.php 第 96 行.
NOTIC: [2] Cannot modify header information - headers already sent by (output started at /var/www/cardmanage/Personal/Lib/Action/LoginAction.class.php:114) /var/www/cardmanage/ThinkPHP/Lib/Core/View.class.php 第 97 行.
INFO: [ view_end ] --START--
INFO: ShowPageTrace Behavior ::run [ RunTime:0.000265s ]
INFO: [ view_end ] --END-- [ RunTime:0.000299s ]

[ 2014-05-10T23:20:55+08:00 ] 218.59.85.201 /personal.php/Public/verify
INFO: [ route_check ] --START--
INFO: CheckRoute Behavior ::run [ RunTime:0.000384s ]
INFO: [ route_check ] --END-- [ RunTime:0.000425s ]
INFO: [ app_begin ] --START--
INFO: ReadHtmlCache Behavior ::run [ RunTime:0.000229s ]
INFO: [ app_begin ] --END-- [ RunTime:0.000263s ]

[ 2014-05-10T23:21:01+08:00 ] 218.59.85.201 /personal.php/Login/islogin
INFO: [ route_check ] --START--
INFO: CheckRoute Behavior ::run [ RunTime:0.000387s ]
INFO: [ route_check ] --END-- [ RunTime:0.000432s ]
INFO: [ app_begin ] --START--
INFO: ReadHtmlCache Behavior ::run [ RunTime:0.000230s ]
INFO: [ app_begin ] --END-- [ RunTime:0.000263s ]
NOTIC: [2] Cannot modify header information - headers already sent by (output started at /var/www/cardmanage/Personal/Lib/Action/LoginAction.class.php:114) /var/www/cardmanage/Personal/Lib/Action/PublicAction.class.php 第 20 行.
SQL: select a.attname as "Field",
            t.typname as "Type",
            a.attnotnull as "Null",
            i.indisprimary as "Key",
            d.adsrc as "Default"
            from pg_class c
            inner join pg_attribute a on a.attrelid = c.oid
            inner join pg_type t on a.atttypid = t.oid
            left join pg_attrdef d on a.attrelid=d.adrelid and d.adnum=a.attnum
            left join pg_index i on a.attnum=ANY(i.indkey) and c.oid = i.indrelid
            where (c.relname='cb_users' or c.relname = lower('cb_users'))   AND a.attnum > 0
                order by a.attnum asc; [ RunTime:0.003127s ]
SQL: SELECT * FROM cb_users WHERE ( loginname='18653110966' and loginpwd='123456' ) LIMIT 1   [ RunTime:0.000536s ]

[ 2014-05-10T23:21:01+08:00 ] 218.59.85.201 /personal.php/Index/index
INFO: [ route_check ] --START--
INFO: CheckRoute Behavior ::run [ RunTime:0.000379s ]
INFO: [ route_check ] --END-- [ RunTime:0.000417s ]
INFO: [ app_begin ] --START--
INFO: ReadHtmlCache Behavior ::run [ RunTime:0.000241s ]
INFO: [ app_begin ] --END-- [ RunTime:0.000275s ]
INFO: [ view_parse ] --START--
INFO: ParseTemplate Behavior ::run [ RunTime:0.003226s ]
INFO: [ view_parse ] --END-- [ RunTime:0.003263s ]
INFO: [ view_filter ] --START--
INFO: ContentReplace Behavior ::run [ RunTime:0.000125s ]
INFO: TokenBuild Behavior ::run [ RunTime:0.000141s ]
INFO: WriteHtmlCache Behavior ::run [ RunTime:0.000078s ]
INFO: ShowRuntime Behavior ::run [ RunTime:0.000189s ]
INFO: [ view_filter ] --END-- [ RunTime:0.000625s ]
INFO: [ view_end ] --START--
INFO: ShowPageTrace Behavior ::run [ RunTime:0.000264s ]
INFO: [ view_end ] --END-- [ RunTime:0.000298s ]

[ 2014-05-10T23:21:02+08:00 ] 218.59.85.201 /personal.php/Index/menu
INFO: [ route_check ] --START--
INFO: CheckRoute Behavior ::run [ RunTime:0.000386s ]
INFO: [ route_check ] --END-- [ RunTime:0.000426s ]
INFO: [ app_begin ] --START--
INFO: ReadHtmlCache Behavior ::run [ RunTime:0.000232s ]
INFO: [ app_begin ] --END-- [ RunTime:0.000266s ]
SQL: select a.attname as "Field",
            t.typname as "Type",
            a.attnotnull as "Null",
            i.indisprimary as "Key",
            d.adsrc as "Default"
            from pg_class c
            inner join pg_attribute a on a.attrelid = c.oid
            inner join pg_type t on a.atttypid = t.oid
            left join pg_attrdef d on a.attrelid=d.adrelid and d.adnum=a.attnum
            left join pg_index i on a.attnum=ANY(i.indkey) and c.oid = i.indrelid
            where (c.relname='cb_users' or c.relname = lower('cb_users'))   AND a.attnum > 0
                order by a.attnum asc; [ RunTime:0.003157s ]
SQL: select a.attname as "Field",
            t.typname as "Type",
            a.attnotnull as "Null",
            i.indisprimary as "Key",
            d.adsrc as "Default"
            from pg_class c
            inner join pg_attribute a on a.attrelid = c.oid
            inner join pg_type t on a.atttypid = t.oid
            left join pg_attrdef d on a.attrelid=d.adrelid and d.adnum=a.attnum
            left join pg_index i on a.attnum=ANY(i.indkey) and c.oid = i.indrelid
            where (c.relname='cb_donate' or c.relname = lower('cb_donate'))   AND a.attnum > 0
                order by a.attnum asc; [ RunTime:0.001167s ]
SQL: SELECT * FROM cb_users WHERE ( id=17 )  [ RunTime:0.000308s ]
SQL: SELECT SUM(money) AS tp_sum FROM cb_donate WHERE ( userid=17 ) LIMIT 1   [ RunTime:0.000305s ]
INFO: [ view_parse ] --START--
INFO: ParseTemplate Behavior ::run [ RunTime:0.005147s ]
INFO: [ view_parse ] --END-- [ RunTime:0.005188s ]
INFO: [ view_filter ] --START--
INFO: ContentReplace Behavior ::run [ RunTime:0.000164s ]
INFO: TokenBuild Behavior ::run [ RunTime:0.000152s ]
INFO: WriteHtmlCache Behavior ::run [ RunTime:0.000081s ]
INFO: ShowRuntime Behavior ::run [ RunTime:0.000192s ]
INFO: [ view_filter ] --END-- [ RunTime:0.000682s ]
INFO: [ view_end ] --START--
INFO: ShowPageTrace Behavior ::run [ RunTime:0.000280s ]
INFO: [ view_end ] --END-- [ RunTime:0.000317s ]

[ 2014-05-10T23:21:02+08:00 ] 218.59.85.201 /personal.php/Index/top
INFO: [ route_check ] --START--
INFO: CheckRoute Behavior ::run [ RunTime:0.000395s ]
INFO: [ route_check ] --END-- [ RunTime:0.000431s ]
INFO: [ app_begin ] --START--
INFO: ReadHtmlCache Behavior ::run [ RunTime:0.000225s ]
INFO: [ app_begin ] --END-- [ RunTime:0.000258s ]
INFO: [ view_parse ] --START--
INFO: ParseTemplate Behavior ::run [ RunTime:0.003423s ]
INFO: [ view_parse ] --END-- [ RunTime:0.003466s ]
INFO: [ view_filter ] --START--
INFO: ContentReplace Behavior ::run [ RunTime:0.000127s ]
INFO: TokenBuild Behavior ::run [ RunTime:0.000144s ]
INFO: WriteHtmlCache Behavior ::run [ RunTime:0.000077s ]
INFO: ShowRuntime Behavior ::run [ RunTime:0.000182s ]
INFO: [ view_filter ] --END-- [ RunTime:0.000622s ]
INFO: [ view_end ] --START--
INFO: ShowPageTrace Behavior ::run [ RunTime:0.000264s ]
INFO: [ view_end ] --END-- [ RunTime:0.000299s ]

[ 2014-05-10T23:21:02+08:00 ] 218.59.85.201 /personal.php/Index/main
INFO: [ route_check ] --START--
INFO: CheckRoute Behavior ::run [ RunTime:0.000426s ]
INFO: [ route_check ] --END-- [ RunTime:0.000481s ]
INFO: [ app_begin ] --START--
INFO: ReadHtmlCache Behavior ::run [ RunTime:0.000250s ]
INFO: [ app_begin ] --END-- [ RunTime:0.000286s ]
INFO: [ view_parse ] --START--
INFO: ParseTemplate Behavior ::run [ RunTime:0.003692s ]
INFO: [ view_parse ] --END-- [ RunTime:0.003735s ]
INFO: [ view_filter ] --START--
INFO: ContentReplace Behavior ::run [ RunTime:0.000137s ]
INFO: TokenBuild Behavior ::run [ RunTime:0.000149s ]
INFO: WriteHtmlCache Behavior ::run [ RunTime:0.000086s ]
INFO: ShowRuntime Behavior ::run [ RunTime:0.000191s ]
INFO: [ view_filter ] --END-- [ RunTime:0.000657s ]
INFO: [ view_end ] --START--
INFO: ShowPageTrace Behavior ::run [ RunTime:0.000284s ]
INFO: [ view_end ] --END-- [ RunTime:0.000321s ]

[ 2014-05-10T23:21:02+08:00 ] 218.59.85.201 /personal.php/Index/bottom
INFO: [ route_check ] --START--
INFO: CheckRoute Behavior ::run [ RunTime:0.000389s ]
INFO: [ route_check ] --END-- [ RunTime:0.000426s ]
INFO: [ app_begin ] --START--
INFO: ReadHtmlCache Behavior ::run [ RunTime:0.000240s ]
INFO: [ app_begin ] --END-- [ RunTime:0.000273s ]
INFO: [ view_parse ] --START--
INFO: ParseTemplate Behavior ::run [ RunTime:0.003322s ]
INFO: [ view_parse ] --END-- [ RunTime:0.003361s ]
INFO: [ view_filter ] --START--
INFO: ContentReplace Behavior ::run [ RunTime:0.000125s ]
INFO: TokenBuild Behavior ::run [ RunTime:0.000144s ]
INFO: WriteHtmlCache Behavior ::run [ RunTime:0.000079s ]
INFO: ShowRuntime Behavior ::run [ RunTime:0.000184s ]
INFO: [ view_filter ] --END-- [ RunTime:0.000624s ]
INFO: [ view_end ] --START--
INFO: ShowPageTrace Behavior ::run [ RunTime:0.000266s ]
INFO: [ view_end ] --END-- [ RunTime:0.000308s ]

[ 2014-05-10T23:21:06+08:00 ] 218.59.85.201 /personal.php/Reducenum/index
INFO: [ route_check ] --START--
INFO: CheckRoute Behavior ::run [ RunTime:0.000385s ]
INFO: [ route_check ] --END-- [ RunTime:0.000424s ]
INFO: [ app_begin ] --START--
INFO: ReadHtmlCache Behavior ::run [ RunTime:0.000229s ]
INFO: [ app_begin ] --END-- [ RunTime:0.000264s ]
SQL: select a.attname as "Field",
            t.typname as "Type",
            a.attnotnull as "Null",
            i.indisprimary as "Key",
            d.adsrc as "Default"
            from pg_class c
            inner join pg_attribute a on a.attrelid = c.oid
            inner join pg_type t on a.atttypid = t.oid
            left join pg_attrdef d on a.attrelid=d.adrelid and d.adnum=a.attnum
            left join pg_index i on a.attnum=ANY(i.indkey) and c.oid = i.indrelid
            where (c.relname='cb_shortnum' or c.relname = lower('cb_shortnum'))   AND a.attnum > 0
                order by a.attnum asc; [ RunTime:0.003148s ]
SQL: SELECT * FROM cb_shortnum WHERE ( userid=17 )  [ RunTime:0.000242s ]
INFO: [ view_parse ] --START--
NOTIC: [8] Undefined variable: timer /var/www/cardmanage/Personal/Runtime/Cache/0b025ed763773bb928ac536adf3e576b.php 第 72 行.
INFO: ParseTemplate Behavior ::run [ RunTime:0.004434s ]
INFO: [ view_parse ] --END-- [ RunTime:0.004472s ]
INFO: [ view_filter ] --START--
INFO: ContentReplace Behavior ::run [ RunTime:0.000136s ]
INFO: TokenBuild Behavior ::run [ RunTime:0.000142s ]
INFO: WriteHtmlCache Behavior ::run [ RunTime:0.000078s ]
INFO: ShowRuntime Behavior ::run [ RunTime:0.000190s ]
INFO: [ view_filter ] --END-- [ RunTime:0.000645s ]
INFO: [ view_end ] --START--
INFO: ShowPageTrace Behavior ::run [ RunTime:0.000283s ]
INFO: [ view_end ] --END-- [ RunTime:0.000319s ]

[ 2014-05-10T23:29:16+08:00 ] 218.59.85.201 /personal.php
INFO: [ app_begin ] --START--
INFO: ReadHtmlCache Behavior ::run [ RunTime:0.000237s ]
INFO: [ app_begin ] --END-- [ RunTime:0.000283s ]

[ 2014-05-10T23:29:17+08:00 ] 218.59.85.201 /personal.php/login/index.shtml
INFO: [ route_check ] --START--
INFO: CheckRoute Behavior ::run [ RunTime:0.000382s ]
INFO: [ route_check ] --END-- [ RunTime:0.000419s ]
INFO: [ app_begin ] --START--
INFO: ReadHtmlCache Behavior ::run [ RunTime:0.000226s ]
INFO: [ app_begin ] --END-- [ RunTime:0.000260s ]
NOTIC: [2] Cannot modify header information - headers already sent by (output started at /var/www/cardmanage/Personal/Lib/Action/LoginAction.class.php:114) /var/www/cardmanage/Personal/Lib/Action/PublicAction.class.php 第 20 行.
INFO: [ view_parse ] --START--
NOTIC: [8] Undefined variable: erro /var/www/cardmanage/Personal/Runtime/Cache/7bf1eac34fc0a867d9e131dfad2e3da8.php 第 15 行.
INFO: ParseTemplate Behavior ::run [ RunTime:0.003760s ]
INFO: [ view_parse ] --END-- [ RunTime:0.003797s ]
INFO: [ view_filter ] --START--
INFO: ContentReplace Behavior ::run [ RunTime:0.000133s ]
INFO: TokenBuild Behavior ::run [ RunTime:0.000144s ]
INFO: WriteHtmlCache Behavior ::run [ RunTime:0.000080s ]
INFO: ShowRuntime Behavior ::run [ RunTime:0.000185s ]
INFO: [ view_filter ] --END-- [ RunTime:0.000636s ]
NOTIC: [2] Cannot modify header information - headers already sent by (output started at /var/www/cardmanage/Personal/Lib/Action/LoginAction.class.php:114) /var/www/cardmanage/ThinkPHP/Lib/Core/View.class.php 第 95 行.
NOTIC: [2] Cannot modify header information - headers already sent by (output started at /var/www/cardmanage/Personal/Lib/Action/LoginAction.class.php:114) /var/www/cardmanage/ThinkPHP/Lib/Core/View.class.php 第 96 行.
NOTIC: [2] Cannot modify header information - headers already sent by (output started at /var/www/cardmanage/Personal/Lib/Action/LoginAction.class.php:114) /var/www/cardmanage/ThinkPHP/Lib/Core/View.class.php 第 97 行.
INFO: [ view_end ] --START--
INFO: ShowPageTrace Behavior ::run [ RunTime:0.000265s ]
INFO: [ view_end ] --END-- [ RunTime:0.000299s ]

[ 2014-05-10T23:29:17+08:00 ] 218.59.85.201 /personal.php/Public/verify
INFO: [ route_check ] --START--
INFO: CheckRoute Behavior ::run [ RunTime:0.000383s ]
INFO: [ route_check ] --END-- [ RunTime:0.000420s ]
INFO: [ app_begin ] --START--
INFO: ReadHtmlCache Behavior ::run [ RunTime:0.000226s ]
INFO: [ app_begin ] --END-- [ RunTime:0.000259s ]

[ 2014-05-10T23:30:58+08:00 ] 218.59.85.201 /personal.php/Login/islogin
INFO: [ route_check ] --START--
INFO: CheckRoute Behavior ::run [ RunTime:0.000394s ]
INFO: [ route_check ] --END-- [ RunTime:0.000442s ]
INFO: [ app_begin ] --START--
INFO: ReadHtmlCache Behavior ::run [ RunTime:0.000243s ]
INFO: [ app_begin ] --END-- [ RunTime:0.000280s ]
NOTIC: [2] Cannot modify header information - headers already sent by (output started at /var/www/cardmanage/Personal/Lib/Action/LoginAction.class.php:114) /var/www/cardmanage/Personal/Lib/Action/PublicAction.class.php 第 20 行.
SQL: select a.attname as "Field",
            t.typname as "Type",
            a.attnotnull as "Null",
            i.indisprimary as "Key",
            d.adsrc as "Default"
            from pg_class c
            inner join pg_attribute a on a.attrelid = c.oid
            inner join pg_type t on a.atttypid = t.oid
            left join pg_attrdef d on a.attrelid=d.adrelid and d.adnum=a.attnum
            left join pg_index i on a.attnum=ANY(i.indkey) and c.oid = i.indrelid
            where (c.relname='cb_users' or c.relname = lower('cb_users'))   AND a.attnum > 0
                order by a.attnum asc; [ RunTime:0.003171s ]
SQL: SELECT * FROM cb_users WHERE ( loginname='00010050' and loginpwd='550359' ) LIMIT 1   [ RunTime:0.000508s ]
INFO: [ view_parse ] --START--
INFO: ParseTemplate Behavior ::run [ RunTime:0.003995s ]
INFO: [ view_parse ] --END-- [ RunTime:0.004041s ]
INFO: [ view_filter ] --START--
INFO: ContentReplace Behavior ::run [ RunTime:0.000144s ]
INFO: TokenBuild Behavior ::run [ RunTime:0.000151s ]
INFO: WriteHtmlCache Behavior ::run [ RunTime:0.000086s ]
INFO: ShowRuntime Behavior ::run [ RunTime:0.000193s ]
INFO: [ view_filter ] --END-- [ RunTime:0.000670s ]
NOTIC: [2] Cannot modify header information - headers already sent by (output started at /var/www/cardmanage/Personal/Lib/Action/LoginAction.class.php:114) /var/www/cardmanage/ThinkPHP/Lib/Core/View.class.php 第 95 行.
NOTIC: [2] Cannot modify header information - headers already sent by (output started at /var/www/cardmanage/Personal/Lib/Action/LoginAction.class.php:114) /var/www/cardmanage/ThinkPHP/Lib/Core/View.class.php 第 96 行.
NOTIC: [2] Cannot modify header information - headers already sent by (output started at /var/www/cardmanage/Personal/Lib/Action/LoginAction.class.php:114) /var/www/cardmanage/ThinkPHP/Lib/Core/View.class.php 第 97 行.
INFO: [ view_end ] --START--
INFO: ShowPageTrace Behavior ::run [ RunTime:0.000287s ]
INFO: [ view_end ] --END-- [ RunTime:0.000323s ]

[ 2014-05-10T23:30:59+08:00 ] 218.59.85.201 /personal.php/Public/verify
INFO: [ route_check ] --START--
INFO: CheckRoute Behavior ::run [ RunTime:0.000382s ]
INFO: [ route_check ] --END-- [ RunTime:0.000420s ]
INFO: [ app_begin ] --START--
INFO: ReadHtmlCache Behavior ::run [ RunTime:0.000234s ]
INFO: [ app_begin ] --END-- [ RunTime:0.000268s ]

[ 2014-05-10T23:31:27+08:00 ] 218.59.85.201 /personal.php/Login/islogin
INFO: [ route_check ] --START--
INFO: CheckRoute Behavior ::run [ RunTime:0.000391s ]
INFO: [ route_check ] --END-- [ RunTime:0.000435s ]
INFO: [ app_begin ] --START--
INFO: ReadHtmlCache Behavior ::run [ RunTime:0.000233s ]
INFO: [ app_begin ] --END-- [ RunTime:0.000267s ]
NOTIC: [2] Cannot modify header information - headers already sent by (output started at /var/www/cardmanage/Personal/Lib/Action/LoginAction.class.php:114) /var/www/cardmanage/Personal/Lib/Action/PublicAction.class.php 第 20 行.
SQL: select a.attname as "Field",
            t.typname as "Type",
            a.attnotnull as "Null",
            i.indisprimary as "Key",
            d.adsrc as "Default"
            from pg_class c
            inner join pg_attribute a on a.attrelid = c.oid
            inner join pg_type t on a.atttypid = t.oid
            left join pg_attrdef d on a.attrelid=d.adrelid and d.adnum=a.attnum
            left join pg_index i on a.attnum=ANY(i.indkey) and c.oid = i.indrelid
            where (c.relname='cb_users' or c.relname = lower('cb_users'))   AND a.attnum > 0
                order by a.attnum asc; [ RunTime:0.003151s ]
SQL: SELECT * FROM cb_users WHERE ( loginname='18766532951' and loginpwd='550359' ) LIMIT 1   [ RunTime:0.000515s ]
INFO: [ view_parse ] --START--
INFO: ParseTemplate Behavior ::run [ RunTime:0.004003s ]
INFO: [ view_parse ] --END-- [ RunTime:0.004048s ]
INFO: [ view_filter ] --START--
INFO: ContentReplace Behavior ::run [ RunTime:0.000143s ]
INFO: TokenBuild Behavior ::run [ RunTime:0.000150s ]
INFO: WriteHtmlCache Behavior ::run [ RunTime:0.000086s ]
INFO: ShowRuntime Behavior ::run [ RunTime:0.000189s ]
INFO: [ view_filter ] --END-- [ RunTime:0.000664s ]
NOTIC: [2] Cannot modify header information - headers already sent by (output started at /var/www/cardmanage/Personal/Lib/Action/LoginAction.class.php:114) /var/www/cardmanage/ThinkPHP/Lib/Core/View.class.php 第 95 行.
NOTIC: [2] Cannot modify header information - headers already sent by (output started at /var/www/cardmanage/Personal/Lib/Action/LoginAction.class.php:114) /var/www/cardmanage/ThinkPHP/Lib/Core/View.class.php 第 96 行.
NOTIC: [2] Cannot modify header information - headers already sent by (output started at /var/www/cardmanage/Personal/Lib/Action/LoginAction.class.php:114) /var/www/cardmanage/ThinkPHP/Lib/Core/View.class.php 第 97 行.
INFO: [ view_end ] --START--
INFO: ShowPageTrace Behavior ::run [ RunTime:0.000293s ]
INFO: [ view_end ] --END-- [ RunTime:0.000330s ]

[ 2014-05-10T23:31:27+08:00 ] 218.59.85.201 /personal.php/Public/verify
INFO: [ route_check ] --START--
INFO: CheckRoute Behavior ::run [ RunTime:0.000380s ]
INFO: [ route_check ] --END-- [ RunTime:0.000419s ]
INFO: [ app_begin ] --START--
INFO: ReadHtmlCache Behavior ::run [ RunTime:0.000229s ]
INFO: [ app_begin ] --END-- [ RunTime:0.000262s ]

[ 2014-05-10T23:31:42+08:00 ] 218.59.85.201 /personal.php/Login/islogin
INFO: [ route_check ] --START--
INFO: CheckRoute Behavior ::run [ RunTime:0.000386s ]
INFO: [ route_check ] --END-- [ RunTime:0.000432s ]
INFO: [ app_begin ] --START--
INFO: ReadHtmlCache Behavior ::run [ RunTime:0.000231s ]
INFO: [ app_begin ] --END-- [ RunTime:0.000265s ]
NOTIC: [2] Cannot modify header information - headers already sent by (output started at /var/www/cardmanage/Personal/Lib/Action/LoginAction.class.php:114) /var/www/cardmanage/Personal/Lib/Action/PublicAction.class.php 第 20 行.
SQL: select a.attname as "Field",
            t.typname as "Type",
            a.attnotnull as "Null",
            i.indisprimary as "Key",
            d.adsrc as "Default"
            from pg_class c
            inner join pg_attribute a on a.attrelid = c.oid
            inner join pg_type t on a.atttypid = t.oid
            left join pg_attrdef d on a.attrelid=d.adrelid and d.adnum=a.attnum
            left join pg_index i on a.attnum=ANY(i.indkey) and c.oid = i.indrelid
            where (c.relname='cb_users' or c.relname = lower('cb_users'))   AND a.attnum > 0
                order by a.attnum asc; [ RunTime:0.003139s ]
SQL: SELECT * FROM cb_users WHERE ( loginname='18766532951' and loginpwd='550359' ) LIMIT 1   [ RunTime:0.000519s ]
INFO: [ view_parse ] --START--
INFO: ParseTemplate Behavior ::run [ RunTime:0.003933s ]
INFO: [ view_parse ] --END-- [ RunTime:0.003974s ]
INFO: [ view_filter ] --START--
INFO: ContentReplace Behavior ::run [ RunTime:0.000134s ]
INFO: TokenBuild Behavior ::run [ RunTime:0.000142s ]
INFO: WriteHtmlCache Behavior ::run [ RunTime:0.000078s ]
INFO: ShowRuntime Behavior ::run [ RunTime:0.000186s ]
INFO: [ view_filter ] --END-- [ RunTime:0.000636s ]
NOTIC: [2] Cannot modify header information - headers already sent by (output started at /var/www/cardmanage/Personal/Lib/Action/LoginAction.class.php:114) /var/www/cardmanage/ThinkPHP/Lib/Core/View.class.php 第 95 行.
NOTIC: [2] Cannot modify header information - headers already sent by (output started at /var/www/cardmanage/Personal/Lib/Action/LoginAction.class.php:114) /var/www/cardmanage/ThinkPHP/Lib/Core/View.class.php 第 96 行.
NOTIC: [2] Cannot modify header information - headers already sent by (output started at /var/www/cardmanage/Personal/Lib/Action/LoginAction.class.php:114) /var/www/cardmanage/ThinkPHP/Lib/Core/View.class.php 第 97 行.
INFO: [ view_end ] --START--
INFO: ShowPageTrace Behavior ::run [ RunTime:0.000294s ]
INFO: [ view_end ] --END-- [ RunTime:0.000330s ]

[ 2014-05-10T23:31:42+08:00 ] 218.59.85.201 /personal.php/Public/verify
INFO: [ route_check ] --START--
INFO: CheckRoute Behavior ::run [ RunTime:0.000381s ]
INFO: [ route_check ] --END-- [ RunTime:0.000420s ]
INFO: [ app_begin ] --START--
INFO: ReadHtmlCache Behavior ::run [ RunTime:0.000229s ]
INFO: [ app_begin ] --END-- [ RunTime:0.000262s ]

