[ 2014-05-26T14:16:09+08:00 ] 127.0.0.1 /cardmanage/
INFO: [ app_begin ] --START--
INFO: ReadHtmlCache Behavior ::run [ RunTime:0.055620s ]
INFO: [ app_begin ] --END-- [ RunTime:0.055885s ]

[ 2014-05-26T14:16:10+08:00 ] 127.0.0.1 /cardmanage/index.php?m=login&a=index
INFO: [ app_begin ] --START--
INFO: ReadHtmlCache Behavior ::run [ RunTime:0.002270s ]
INFO: [ app_begin ] --END-- [ RunTime:0.002603s ]
INFO: [ view_parse ] --START--
NOTIC: [8] Undefined variable: erro C:\wamp\www\cardmanage\Home\Runtime\Cache\fe9703200f8417a0c6155a1fe6fdc2c0.php 第 31 行.
INFO: ParseTemplate Behavior ::run [ RunTime:0.199444s ]
INFO: [ view_parse ] --END-- [ RunTime:0.199654s ]
INFO: [ view_filter ] --START--
INFO: ContentReplace Behavior ::run [ RunTime:0.011376s ]
INFO: TokenBuild Behavior ::run [ RunTime:0.007944s ]
INFO: WriteHtmlCache Behavior ::run [ RunTime:0.014439s ]
INFO: ShowRuntime Behavior ::run [ RunTime:0.002178s ]
INFO: [ view_filter ] --END-- [ RunTime:0.036895s ]
INFO: [ view_end ] --START--
INFO: ShowPageTrace Behavior ::run [ RunTime:0.002210s ]
INFO: [ view_end ] --END-- [ RunTime:0.002398s ]

[ 2014-05-26T14:16:11+08:00 ] 127.0.0.1 /cardmanage/index.php/Public/verify
INFO: [ route_check ] --START--
INFO: CheckRoute Behavior ::run [ RunTime:0.011793s ]
INFO: [ route_check ] --END-- [ RunTime:0.011987s ]
INFO: [ app_begin ] --START--
INFO: ReadHtmlCache Behavior ::run [ RunTime:0.002188s ]
INFO: [ app_begin ] --END-- [ RunTime:0.002395s ]

[ 2014-05-26T17:18:33+08:00 ] 127.0.0.1 /cardmanage/index.php/Index/index
INFO: [ route_check ] --START--
INFO: CheckRoute Behavior ::run [ RunTime:0.019245s ]
INFO: [ route_check ] --END-- [ RunTime:0.035699s ]
INFO: [ app_begin ] --START--
INFO: ReadHtmlCache Behavior ::run [ RunTime:0.016972s ]
INFO: [ app_begin ] --END-- [ RunTime:0.017192s ]

[ 2014-05-26T17:18:34+08:00 ] 127.0.0.1 /cardmanage/index.php?m=login&a=index
INFO: [ app_begin ] --START--
INFO: ReadHtmlCache Behavior ::run [ RunTime:0.020626s ]
INFO: [ app_begin ] --END-- [ RunTime:0.020839s ]
INFO: [ view_parse ] --START--
NOTIC: [8] Undefined variable: erro C:\wamp\www\cardmanage\Home\Runtime\Cache\fe9703200f8417a0c6155a1fe6fdc2c0.php 第 31 行.
INFO: ParseTemplate Behavior ::run [ RunTime:0.291950s ]
INFO: [ view_parse ] --END-- [ RunTime:0.292138s ]
INFO: [ view_filter ] --START--
INFO: ContentReplace Behavior ::run [ RunTime:0.019983s ]
INFO: TokenBuild Behavior ::run [ RunTime:0.041762s ]
INFO: WriteHtmlCache Behavior ::run [ RunTime:0.010954s ]
INFO: ShowRuntime Behavior ::run [ RunTime:0.002622s ]
INFO: [ view_filter ] --END-- [ RunTime:0.075841s ]
INFO: [ view_end ] --START--
INFO: ShowPageTrace Behavior ::run [ RunTime:0.001640s ]
INFO: [ view_end ] --END-- [ RunTime:0.002035s ]

[ 2014-05-26T17:18:41+08:00 ] 127.0.0.1 /cardmanage/index.php/Public/verify
INFO: [ route_check ] --START--
INFO: CheckRoute Behavior ::run [ RunTime:0.016519s ]
INFO: [ route_check ] --END-- [ RunTime:0.016721s ]
INFO: [ app_begin ] --START--
INFO: ReadHtmlCache Behavior ::run [ RunTime:0.071364s ]
INFO: [ app_begin ] --END-- [ RunTime:0.071575s ]

[ 2014-05-26T17:18:49+08:00 ] 127.0.0.1 /cardmanage/
INFO: [ app_begin ] --START--
INFO: ReadHtmlCache Behavior ::run [ RunTime:0.008586s ]
INFO: [ app_begin ] --END-- [ RunTime:0.008905s ]

[ 2014-05-26T17:18:50+08:00 ] 127.0.0.1 /cardmanage/index.php?m=login&a=index
INFO: [ app_begin ] --START--
INFO: ReadHtmlCache Behavior ::run [ RunTime:0.001813s ]
INFO: [ app_begin ] --END-- [ RunTime:0.002016s ]
INFO: [ view_parse ] --START--
NOTIC: [8] Undefined variable: erro C:\wamp\www\cardmanage\Home\Runtime\Cache\fe9703200f8417a0c6155a1fe6fdc2c0.php 第 31 行.
INFO: ParseTemplate Behavior ::run [ RunTime:0.078890s ]
INFO: [ view_parse ] --END-- [ RunTime:0.079077s ]
INFO: [ view_filter ] --START--
INFO: ContentReplace Behavior ::run [ RunTime:0.024831s ]
INFO: TokenBuild Behavior ::run [ RunTime:0.016772s ]
INFO: WriteHtmlCache Behavior ::run [ RunTime:0.001625s ]
INFO: ShowRuntime Behavior ::run [ RunTime:0.001611s ]
INFO: [ view_filter ] --END-- [ RunTime:0.045358s ]
INFO: [ view_end ] --START--
INFO: ShowPageTrace Behavior ::run [ RunTime:0.001601s ]
INFO: [ view_end ] --END-- [ RunTime:0.001800s ]

[ 2014-05-26T17:18:50+08:00 ] 127.0.0.1 /cardmanage/index.php/Public/verify
INFO: [ route_check ] --START--
INFO: CheckRoute Behavior ::run [ RunTime:0.022729s ]
INFO: [ route_check ] --END-- [ RunTime:0.022925s ]
INFO: [ app_begin ] --START--
INFO: ReadHtmlCache Behavior ::run [ RunTime:0.008571s ]
INFO: [ app_begin ] --END-- [ RunTime:0.008805s ]

