[ 2014-04-21T15:27:48+08:00 ] 192.168.1.15 /cardmanage/
INFO: [ app_begin ] --START--
INFO: ReadHtmlCache Behavior ::run [ RunTime:0.001557s ]
INFO: [ app_begin ] --END-- [ RunTime:0.001731s ]

[ 2014-04-21T15:27:48+08:00 ] 192.168.1.15 /cardmanage/index.php/login/index.shtml
INFO: [ route_check ] --START--
INFO: CheckRoute Behavior ::run [ RunTime:0.001755s ]
INFO: [ route_check ] --END-- [ RunTime:0.001920s ]
INFO: [ app_begin ] --START--
INFO: ReadHtmlCache Behavior ::run [ RunTime:0.001081s ]
INFO: [ app_begin ] --END-- [ RunTime:0.001217s ]
INFO: [ view_parse ] --START--
NOTIC: [8] Undefined variable: erro C:\wamp\www\cardmanage\Home\Runtime\Cache\fe9703200f8417a0c6155a1fe6fdc2c0.php 第 31 行.
INFO: ParseTemplate Behavior ::run [ RunTime:0.058753s ]
INFO: [ view_parse ] --END-- [ RunTime:0.058942s ]
INFO: [ view_filter ] --START--
INFO: ContentReplace Behavior ::run [ RunTime:0.031715s ]
INFO: TokenBuild Behavior ::run [ RunTime:0.004219s ]
INFO: WriteHtmlCache Behavior ::run [ RunTime:0.001041s ]
INFO: ShowRuntime Behavior ::run [ RunTime:0.001302s ]
INFO: [ view_filter ] --END-- [ RunTime:0.038677s ]
INFO: [ view_end ] --START--
INFO: ShowPageTrace Behavior ::run [ RunTime:0.001654s ]
INFO: [ view_end ] --END-- [ RunTime:0.001800s ]

[ 2014-04-21T15:27:49+08:00 ] 192.168.1.15 /cardmanage/index.php/Public/verify
INFO: [ route_check ] --START--
INFO: CheckRoute Behavior ::run [ RunTime:0.001694s ]
INFO: [ route_check ] --END-- [ RunTime:0.001857s ]
INFO: [ app_begin ] --START--
INFO: ReadHtmlCache Behavior ::run [ RunTime:0.001207s ]
INFO: [ app_begin ] --END-- [ RunTime:0.001399s ]

[ 2014-04-21T15:28:18+08:00 ] 192.168.1.15 /cardmanage/index.php/Login/islogin
INFO: [ route_check ] --START--
INFO: CheckRoute Behavior ::run [ RunTime:0.001624s ]
INFO: [ route_check ] --END-- [ RunTime:0.001790s ]
INFO: [ app_begin ] --START--
INFO: ReadHtmlCache Behavior ::run [ RunTime:0.001203s ]
INFO: [ app_begin ] --END-- [ RunTime:0.001347s ]
SQL: select a.attname as "Field",
            t.typname as "Type",
            a.attnotnull as "Null",
            i.indisprimary as "Key",
            d.adsrc as "Default"
            from pg_class c
            inner join pg_attribute a on a.attrelid = c.oid
            inner join pg_type t on a.atttypid = t.oid
            left join pg_attrdef d on a.attrelid=d.adrelid and d.adnum=a.attnum
            left join pg_index i on a.attnum=ANY(i.indkey) and c.oid = i.indrelid
            where (c.relname='cb_account' or c.relname = lower('cb_account'))   AND a.attnum > 0
                order by a.attnum asc; [ RunTime:0.080536s ]
SQL: SELECT * FROM cb_account WHERE ( loginname='timelesszhuang' and loginpwd='f9d592a818a5180a88cdf6474d5babfb' ) LIMIT 1   [ RunTime:0.063482s ]
INFO: [ view_parse ] --START--
INFO: ParseTemplate Behavior ::run [ RunTime:0.012340s ]
INFO: [ view_parse ] --END-- [ RunTime:0.012533s ]
INFO: [ view_filter ] --START--
INFO: ContentReplace Behavior ::run [ RunTime:0.001187s ]
INFO: TokenBuild Behavior ::run [ RunTime:0.001612s ]
INFO: WriteHtmlCache Behavior ::run [ RunTime:0.001036s ]
INFO: ShowRuntime Behavior ::run [ RunTime:0.001403s ]
INFO: [ view_filter ] --END-- [ RunTime:0.005672s ]
INFO: [ view_end ] --START--
INFO: ShowPageTrace Behavior ::run [ RunTime:0.001584s ]
INFO: [ view_end ] --END-- [ RunTime:0.001740s ]

[ 2014-04-21T15:28:18+08:00 ] 192.168.1.15 /cardmanage/index.php/Public/verify
INFO: [ route_check ] --START--
INFO: CheckRoute Behavior ::run [ RunTime:0.001314s ]
INFO: [ route_check ] --END-- [ RunTime:0.001478s ]
INFO: [ app_begin ] --START--
INFO: ReadHtmlCache Behavior ::run [ RunTime:0.001066s ]
INFO: [ app_begin ] --END-- [ RunTime:0.001210s ]

[ 2014-04-21T15:28:37+08:00 ] 192.168.1.15 /cardmanage/index.php/Public/verify/0.8402559547685087
INFO: [ route_check ] --START--
INFO: CheckRoute Behavior ::run [ RunTime:0.001341s ]
INFO: [ route_check ] --END-- [ RunTime:0.001504s ]
INFO: [ app_begin ] --START--
INFO: ReadHtmlCache Behavior ::run [ RunTime:0.001070s ]
INFO: [ app_begin ] --END-- [ RunTime:0.001209s ]

[ 2014-04-21T15:28:44+08:00 ] 192.168.1.15 /cardmanage/index.php/Login/islogin
INFO: [ route_check ] --START--
INFO: CheckRoute Behavior ::run [ RunTime:0.001344s ]
INFO: [ route_check ] --END-- [ RunTime:0.001525s ]
INFO: [ app_begin ] --START--
INFO: ReadHtmlCache Behavior ::run [ RunTime:0.001065s ]
INFO: [ app_begin ] --END-- [ RunTime:0.001205s ]
SQL: select a.attname as "Field",
            t.typname as "Type",
            a.attnotnull as "Null",
            i.indisprimary as "Key",
            d.adsrc as "Default"
            from pg_class c
            inner join pg_attribute a on a.attrelid = c.oid
            inner join pg_type t on a.atttypid = t.oid
            left join pg_attrdef d on a.attrelid=d.adrelid and d.adnum=a.attnum
            left join pg_index i on a.attnum=ANY(i.indkey) and c.oid = i.indrelid
            where (c.relname='cb_account' or c.relname = lower('cb_account'))   AND a.attnum > 0
                order by a.attnum asc; [ RunTime:0.076862s ]
SQL: SELECT * FROM cb_account WHERE ( loginname='timelesszhuang' and loginpwd='e10adc3949ba59abbe56e057f20f883e' ) LIMIT 1   [ RunTime:0.063374s ]
INFO: [ view_parse ] --START--
INFO: ParseTemplate Behavior ::run [ RunTime:0.010891s ]
INFO: [ view_parse ] --END-- [ RunTime:0.011078s ]
INFO: [ view_filter ] --START--
INFO: ContentReplace Behavior ::run [ RunTime:0.000958s ]
INFO: TokenBuild Behavior ::run [ RunTime:0.000966s ]
INFO: WriteHtmlCache Behavior ::run [ RunTime:0.000772s ]
INFO: ShowRuntime Behavior ::run [ RunTime:0.001237s ]
INFO: [ view_filter ] --END-- [ RunTime:0.004349s ]
INFO: [ view_end ] --START--
INFO: ShowPageTrace Behavior ::run [ RunTime:0.001252s ]
INFO: [ view_end ] --END-- [ RunTime:0.001403s ]

[ 2014-04-21T15:28:44+08:00 ] 192.168.1.15 /cardmanage/index.php/Public/verify
INFO: [ route_check ] --START--
INFO: CheckRoute Behavior ::run [ RunTime:0.001301s ]
INFO: [ route_check ] --END-- [ RunTime:0.001465s ]
INFO: [ app_begin ] --START--
INFO: ReadHtmlCache Behavior ::run [ RunTime:0.001049s ]
INFO: [ app_begin ] --END-- [ RunTime:0.001188s ]

[ 2014-04-21T15:28:49+08:00 ] 192.168.1.15 /cardmanage/index.php/Public/verify
INFO: [ route_check ] --START--
INFO: CheckRoute Behavior ::run [ RunTime:0.001288s ]
INFO: [ route_check ] --END-- [ RunTime:0.001452s ]
INFO: [ app_begin ] --START--
INFO: ReadHtmlCache Behavior ::run [ RunTime:0.001058s ]
INFO: [ app_begin ] --END-- [ RunTime:0.001196s ]

