[ 2014-06-01T23:38:19+08:00 ] 127.0.0.1 /cardmanage/
INFO: [ app_begin ] --START--
INFO: ReadHtmlCache Behavior ::run [ RunTime:0.036002s ]
INFO: [ app_begin ] --END-- [ RunTime:0.037002s ]

[ 2014-06-01T23:38:20+08:00 ] 127.0.0.1 /cardmanage/index.php?m=login&a=index
INFO: [ app_begin ] --START--
INFO: ReadHtmlCache Behavior ::run [ RunTime:0.009001s ]
INFO: [ app_begin ] --END-- [ RunTime:0.011001s ]
INFO: [ view_parse ] --START--
NOTIC: [8] Undefined variable: erro C:\wamp\www\cardmanage\Home\Runtime\Cache\fe9703200f8417a0c6155a1fe6fdc2c0.php 第 31 行.
INFO: ParseTemplate Behavior ::run [ RunTime:0.217013s ]
INFO: [ view_parse ] --END-- [ RunTime:0.219013s ]
INFO: [ view_filter ] --START--
INFO: ContentReplace Behavior ::run [ RunTime:0.016001s ]
INFO: TokenBuild Behavior ::run [ RunTime:0.018001s ]
INFO: WriteHtmlCache Behavior ::run [ RunTime:0.007000s ]
INFO: ShowRuntime Behavior ::run [ RunTime:0.013001s ]
INFO: [ view_filter ] --END-- [ RunTime:0.058003s ]
INFO: [ view_end ] --START--
INFO: ShowPageTrace Behavior ::run [ RunTime:0.017001s ]
INFO: [ view_end ] --END-- [ RunTime:0.018001s ]

[ 2014-06-01T23:38:21+08:00 ] 127.0.0.1 /cardmanage/index.php/Public/verify
INFO: [ route_check ] --START--
INFO: CheckRoute Behavior ::run [ RunTime:0.013000s ]
INFO: [ route_check ] --END-- [ RunTime:0.013000s ]
INFO: [ app_begin ] --START--
INFO: ReadHtmlCache Behavior ::run [ RunTime:0.006000s ]
INFO: [ app_begin ] --END-- [ RunTime:0.007000s ]

[ 2014-06-01T23:38:40+08:00 ] 127.0.0.1 /cardmanage/index.php/Login/islogin
INFO: [ route_check ] --START--
INFO: CheckRoute Behavior ::run [ RunTime:0.008000s ]
INFO: [ route_check ] --END-- [ RunTime:0.009000s ]
INFO: [ app_begin ] --START--
INFO: ReadHtmlCache Behavior ::run [ RunTime:0.009000s ]
INFO: [ app_begin ] --END-- [ RunTime:0.009000s ]
NOTIC: [8] Use of undefined constant login - assumed 'login' C:\wamp\www\cardmanage\Home\Lib\Action\LoginAction.class.php 第 40 行.
NOTIC: [8] Use of undefined constant index - assumed 'index' C:\wamp\www\cardmanage\Home\Lib\Action\LoginAction.class.php 第 41 行.
INFO: [ view_parse ] --START--
INFO: ParseTemplate Behavior ::run [ RunTime:0.051003s ]
INFO: [ view_parse ] --END-- [ RunTime:0.052003s ]
INFO: [ view_filter ] --START--
INFO: ContentReplace Behavior ::run [ RunTime:0.006001s ]
INFO: TokenBuild Behavior ::run [ RunTime:0.005000s ]
INFO: WriteHtmlCache Behavior ::run [ RunTime:0.004000s ]
INFO: ShowRuntime Behavior ::run [ RunTime:0.006001s ]
INFO: [ view_filter ] --END-- [ RunTime:0.023002s ]
INFO: [ view_end ] --START--
INFO: ShowPageTrace Behavior ::run [ RunTime:0.005000s ]
INFO: [ view_end ] --END-- [ RunTime:0.006000s ]

[ 2014-06-01T23:38:42+08:00 ] 127.0.0.1 /cardmanage/index.php/Public/verify
INFO: [ route_check ] --START--
INFO: CheckRoute Behavior ::run [ RunTime:0.009001s ]
INFO: [ route_check ] --END-- [ RunTime:0.010001s ]
INFO: [ app_begin ] --START--
INFO: ReadHtmlCache Behavior ::run [ RunTime:0.009001s ]
INFO: [ app_begin ] --END-- [ RunTime:0.011001s ]

[ 2014-06-01T23:38:54+08:00 ] 127.0.0.1 /cardmanage/index.php/Public/verify/0.8639402447956054
INFO: [ route_check ] --START--
INFO: CheckRoute Behavior ::run [ RunTime:0.006001s ]
INFO: [ route_check ] --END-- [ RunTime:0.006001s ]
INFO: [ app_begin ] --START--
INFO: ReadHtmlCache Behavior ::run [ RunTime:0.005000s ]
INFO: [ app_begin ] --END-- [ RunTime:0.005000s ]

[ 2014-06-01T23:39:00+08:00 ] 127.0.0.1 /cardmanage/index.php/Login/islogin
INFO: [ route_check ] --START--
INFO: CheckRoute Behavior ::run [ RunTime:0.006000s ]
INFO: [ route_check ] --END-- [ RunTime:0.008000s ]
INFO: [ app_begin ] --START--
INFO: ReadHtmlCache Behavior ::run [ RunTime:0.006001s ]
INFO: [ app_begin ] --END-- [ RunTime:0.006001s ]
NOTIC: [2] pg_connect(): Unable to connect to PostgreSQL server: could not connect to server: Connection refused (0x0000274D/10061)
	Is the server running on host &quot;127.0.0.1&quot; and accepting
	TCP/IP connections on port 5432? C:\wamp\www\cardmanage\ThinkPHP\Extend\Driver\Db\DbPgsql.class.php 第 48 行.
NOTIC: [2] pg_last_error() expects parameter 1 to be resource, null given C:\wamp\www\cardmanage\ThinkPHP\Extend\Driver\Db\DbPgsql.class.php 第 265 行.
ERR: 
ERR: 

[ 2014-06-01T23:50:48+08:00 ] 127.0.0.1 /cardmanage/
INFO: [ app_begin ] --START--
INFO: ReadHtmlCache Behavior ::run [ RunTime:0.035003s ]
INFO: [ app_begin ] --END-- [ RunTime:0.035003s ]

[ 2014-06-01T23:50:49+08:00 ] 127.0.0.1 /cardmanage/index.php?m=login&a=index
INFO: [ app_begin ] --START--
INFO: ReadHtmlCache Behavior ::run [ RunTime:0.009001s ]
INFO: [ app_begin ] --END-- [ RunTime:0.011001s ]
INFO: [ view_parse ] --START--
NOTIC: [8] Undefined variable: erro C:\wamp\www\cardmanage\Home\Runtime\Cache\fe9703200f8417a0c6155a1fe6fdc2c0.php 第 31 行.
INFO: ParseTemplate Behavior ::run [ RunTime:0.076004s ]
INFO: [ view_parse ] --END-- [ RunTime:0.077004s ]
INFO: [ view_filter ] --START--
INFO: ContentReplace Behavior ::run [ RunTime:0.008001s ]
INFO: TokenBuild Behavior ::run [ RunTime:0.009000s ]
INFO: WriteHtmlCache Behavior ::run [ RunTime:0.020001s ]
INFO: ShowRuntime Behavior ::run [ RunTime:0.009001s ]
INFO: [ view_filter ] --END-- [ RunTime:0.051003s ]
INFO: [ view_end ] --START--
INFO: ShowPageTrace Behavior ::run [ RunTime:0.018001s ]
INFO: [ view_end ] --END-- [ RunTime:0.020001s ]

[ 2014-06-01T23:50:50+08:00 ] 127.0.0.1 /cardmanage/index.php/Public/verify
INFO: [ route_check ] --START--
INFO: CheckRoute Behavior ::run [ RunTime:0.016000s ]
INFO: [ route_check ] --END-- [ RunTime:0.016000s ]
INFO: [ app_begin ] --START--
INFO: ReadHtmlCache Behavior ::run [ RunTime:0.008000s ]
INFO: [ app_begin ] --END-- [ RunTime:0.009000s ]

[ 2014-06-01T23:50:53+08:00 ] 127.0.0.1 /cardmanage/index.php/Public/verify/0.7594936222303659
INFO: [ route_check ] --START--
INFO: CheckRoute Behavior ::run [ RunTime:0.006000s ]
INFO: [ route_check ] --END-- [ RunTime:0.008000s ]
INFO: [ app_begin ] --START--
INFO: ReadHtmlCache Behavior ::run [ RunTime:0.007001s ]
INFO: [ app_begin ] --END-- [ RunTime:0.007001s ]

[ 2014-06-01T23:50:58+08:00 ] 127.0.0.1 /cardmanage/index.php/Login/islogin
INFO: [ route_check ] --START--
INFO: CheckRoute Behavior ::run [ RunTime:0.007000s ]
INFO: [ route_check ] --END-- [ RunTime:0.007000s ]
INFO: [ app_begin ] --START--
INFO: ReadHtmlCache Behavior ::run [ RunTime:0.007000s ]
INFO: [ app_begin ] --END-- [ RunTime:0.007000s ]
NOTIC: [8] Use of undefined constant login - assumed 'login' C:\wamp\www\cardmanage\Home\Lib\Action\LoginAction.class.php 第 40 行.
NOTIC: [8] Use of undefined constant index - assumed 'index' C:\wamp\www\cardmanage\Home\Lib\Action\LoginAction.class.php 第 41 行.
INFO: [ view_parse ] --START--
INFO: ParseTemplate Behavior ::run [ RunTime:0.057004s ]
INFO: [ view_parse ] --END-- [ RunTime:0.057004s ]
INFO: [ view_filter ] --START--
INFO: ContentReplace Behavior ::run [ RunTime:0.006000s ]
INFO: TokenBuild Behavior ::run [ RunTime:0.006001s ]
INFO: WriteHtmlCache Behavior ::run [ RunTime:0.005000s ]
INFO: ShowRuntime Behavior ::run [ RunTime:0.008000s ]
INFO: [ view_filter ] --END-- [ RunTime:0.027001s ]
INFO: [ view_end ] --START--
INFO: ShowPageTrace Behavior ::run [ RunTime:0.008001s ]
INFO: [ view_end ] --END-- [ RunTime:0.008001s ]

[ 2014-06-01T23:50:59+08:00 ] 127.0.0.1 /cardmanage/index.php/Public/verify
INFO: [ route_check ] --START--
INFO: CheckRoute Behavior ::run [ RunTime:0.009000s ]
INFO: [ route_check ] --END-- [ RunTime:0.010000s ]
INFO: [ app_begin ] --START--
INFO: ReadHtmlCache Behavior ::run [ RunTime:0.009000s ]
INFO: [ app_begin ] --END-- [ RunTime:0.011000s ]

[ 2014-06-01T23:51:06+08:00 ] 127.0.0.1 /cardmanage/index.php/Login/islogin
INFO: [ route_check ] --START--
INFO: CheckRoute Behavior ::run [ RunTime:0.010001s ]
INFO: [ route_check ] --END-- [ RunTime:0.011001s ]
INFO: [ app_begin ] --START--
INFO: ReadHtmlCache Behavior ::run [ RunTime:0.007001s ]
INFO: [ app_begin ] --END-- [ RunTime:0.008001s ]
SQL: select a.attname as "Field",
            t.typname as "Type",
            a.attnotnull as "Null",
            i.indisprimary as "Key",
            d.adsrc as "Default"
            from pg_class c
            inner join pg_attribute a on a.attrelid = c.oid
            inner join pg_type t on a.atttypid = t.oid
            left join pg_attrdef d on a.attrelid=d.adrelid and d.adnum=a.attnum
            left join pg_index i on a.attnum=ANY(i.indkey) and c.oid = i.indrelid
            where (c.relname='cb_account' or c.relname = lower('cb_account'))   AND a.attnum > 0
                order by a.attnum asc; [ RunTime:0.619035s ]
SQL: SELECT * FROM cb_account WHERE ( loginname='admin' and loginpwd='4983a8b30f9305385d4aeb648a952a58' ) LIMIT 1   [ RunTime:0.088005s ]
INFO: [ view_parse ] --START--
INFO: ParseTemplate Behavior ::run [ RunTime:0.110007s ]
INFO: [ view_parse ] --END-- [ RunTime:0.110007s ]
INFO: [ view_filter ] --START--
INFO: ContentReplace Behavior ::run [ RunTime:0.020001s ]
INFO: TokenBuild Behavior ::run [ RunTime:0.010000s ]
INFO: WriteHtmlCache Behavior ::run [ RunTime:0.014000s ]
INFO: ShowRuntime Behavior ::run [ RunTime:0.013001s ]
INFO: [ view_filter ] --END-- [ RunTime:0.062003s ]
INFO: [ view_end ] --START--
INFO: ShowPageTrace Behavior ::run [ RunTime:0.015001s ]
INFO: [ view_end ] --END-- [ RunTime:0.016001s ]

[ 2014-06-01T23:51:07+08:00 ] 127.0.0.1 /cardmanage/index.php/Public/verify
INFO: [ route_check ] --START--
INFO: CheckRoute Behavior ::run [ RunTime:0.016001s ]
INFO: [ route_check ] --END-- [ RunTime:0.018001s ]
INFO: [ app_begin ] --START--
INFO: ReadHtmlCache Behavior ::run [ RunTime:0.010000s ]
INFO: [ app_begin ] --END-- [ RunTime:0.014000s ]

[ 2014-06-01T23:51:25+08:00 ] 127.0.0.1 /cardmanage/index.php/Login/islogin
INFO: [ route_check ] --START--
INFO: CheckRoute Behavior ::run [ RunTime:0.011001s ]
INFO: [ route_check ] --END-- [ RunTime:0.012001s ]
INFO: [ app_begin ] --START--
INFO: ReadHtmlCache Behavior ::run [ RunTime:0.008000s ]
INFO: [ app_begin ] --END-- [ RunTime:0.010000s ]
SQL: select a.attname as "Field",
            t.typname as "Type",
            a.attnotnull as "Null",
            i.indisprimary as "Key",
            d.adsrc as "Default"
            from pg_class c
            inner join pg_attribute a on a.attrelid = c.oid
            inner join pg_type t on a.atttypid = t.oid
            left join pg_attrdef d on a.attrelid=d.adrelid and d.adnum=a.attnum
            left join pg_index i on a.attnum=ANY(i.indkey) and c.oid = i.indrelid
            where (c.relname='cb_account' or c.relname = lower('cb_account'))   AND a.attnum > 0
                order by a.attnum asc; [ RunTime:0.019001s ]
SQL: SELECT * FROM cb_account WHERE ( loginname='admin' and loginpwd='4983a8b30f9305385d4aeb648a952a58' ) LIMIT 1   [ RunTime:0.003000s ]
INFO: [ view_parse ] --START--
INFO: ParseTemplate Behavior ::run [ RunTime:0.074004s ]
INFO: [ view_parse ] --END-- [ RunTime:0.074004s ]
INFO: [ view_filter ] --START--
INFO: ContentReplace Behavior ::run [ RunTime:0.009001s ]
INFO: TokenBuild Behavior ::run [ RunTime:0.010000s ]
INFO: WriteHtmlCache Behavior ::run [ RunTime:0.008001s ]
INFO: ShowRuntime Behavior ::run [ RunTime:0.010000s ]
INFO: [ view_filter ] --END-- [ RunTime:0.041002s ]
INFO: [ view_end ] --START--
INFO: ShowPageTrace Behavior ::run [ RunTime:0.010001s ]
INFO: [ view_end ] --END-- [ RunTime:0.011001s ]

[ 2014-06-01T23:51:26+08:00 ] 127.0.0.1 /cardmanage/index.php/Public/verify
INFO: [ route_check ] --START--
INFO: CheckRoute Behavior ::run [ RunTime:0.010000s ]
INFO: [ route_check ] --END-- [ RunTime:0.010000s ]
INFO: [ app_begin ] --START--
INFO: ReadHtmlCache Behavior ::run [ RunTime:0.008000s ]
INFO: [ app_begin ] --END-- [ RunTime:0.008000s ]

[ 2014-06-01T23:51:39+08:00 ] 127.0.0.1 /cardmanage/index.php/Login/islogin
INFO: [ route_check ] --START--
INFO: CheckRoute Behavior ::run [ RunTime:0.010001s ]
INFO: [ route_check ] --END-- [ RunTime:0.012001s ]
INFO: [ app_begin ] --START--
INFO: ReadHtmlCache Behavior ::run [ RunTime:0.008001s ]
INFO: [ app_begin ] --END-- [ RunTime:0.008001s ]
SQL: select a.attname as "Field",
            t.typname as "Type",
            a.attnotnull as "Null",
            i.indisprimary as "Key",
            d.adsrc as "Default"
            from pg_class c
            inner join pg_attribute a on a.attrelid = c.oid
            inner join pg_type t on a.atttypid = t.oid
            left join pg_attrdef d on a.attrelid=d.adrelid and d.adnum=a.attnum
            left join pg_index i on a.attnum=ANY(i.indkey) and c.oid = i.indrelid
            where (c.relname='cb_account' or c.relname = lower('cb_account'))   AND a.attnum > 0
                order by a.attnum asc; [ RunTime:0.023001s ]
SQL: SELECT * FROM cb_account WHERE ( loginname='timelesszhuang' and loginpwd='4983a8b30f9305385d4aeb648a952a58' ) LIMIT 1   [ RunTime:0.006000s ]
SQL: select a.attname as "Field",
            t.typname as "Type",
            a.attnotnull as "Null",
            i.indisprimary as "Key",
            d.adsrc as "Default"
            from pg_class c
            inner join pg_attribute a on a.attrelid = c.oid
            inner join pg_type t on a.atttypid = t.oid
            left join pg_attrdef d on a.attrelid=d.adrelid and d.adnum=a.attnum
            left join pg_index i on a.attnum=ANY(i.indkey) and c.oid = i.indrelid
            where (c.relname='cb_power' or c.relname = lower('cb_power'))   AND a.attnum > 0
                order by a.attnum asc; [ RunTime:0.021001s ]
SQL: SELECT * FROM cb_power WHERE ( accountid=1 ) LIMIT 1   [ RunTime:0.014001s ]

[ 2014-06-01T23:51:39+08:00 ] 127.0.0.1 /cardmanage/index.php/Index/index
INFO: [ route_check ] --START--
INFO: CheckRoute Behavior ::run [ RunTime:0.009001s ]
INFO: [ route_check ] --END-- [ RunTime:0.009001s ]
INFO: [ app_begin ] --START--
INFO: ReadHtmlCache Behavior ::run [ RunTime:0.006001s ]
INFO: [ app_begin ] --END-- [ RunTime:0.006001s ]
INFO: [ view_parse ] --START--
INFO: ParseTemplate Behavior ::run [ RunTime:0.100006s ]
INFO: [ view_parse ] --END-- [ RunTime:0.101006s ]
INFO: [ view_filter ] --START--
INFO: ContentReplace Behavior ::run [ RunTime:0.005000s ]
INFO: TokenBuild Behavior ::run [ RunTime:0.005000s ]
INFO: WriteHtmlCache Behavior ::run [ RunTime:0.004000s ]
INFO: ShowRuntime Behavior ::run [ RunTime:0.006001s ]
INFO: [ view_filter ] --END-- [ RunTime:0.022001s ]
INFO: [ view_end ] --START--
INFO: ShowPageTrace Behavior ::run [ RunTime:0.005000s ]
INFO: [ view_end ] --END-- [ RunTime:0.007000s ]

[ 2014-06-01T23:51:40+08:00 ] 127.0.0.1 /cardmanage/index.php/Index/main
INFO: [ route_check ] --START--
INFO: CheckRoute Behavior ::run [ RunTime:0.011000s ]
INFO: [ route_check ] --END-- [ RunTime:0.013001s ]
INFO: [ app_begin ] --START--
INFO: ReadHtmlCache Behavior ::run [ RunTime:0.010001s ]
INFO: [ app_begin ] --END-- [ RunTime:0.011001s ]
INFO: [ view_parse ] --START--
INFO: ParseTemplate Behavior ::run [ RunTime:0.094006s ]
INFO: [ view_parse ] --END-- [ RunTime:0.094006s ]
INFO: [ view_filter ] --START--
INFO: ContentReplace Behavior ::run [ RunTime:0.005000s ]
INFO: TokenBuild Behavior ::run [ RunTime:0.004000s ]
INFO: WriteHtmlCache Behavior ::run [ RunTime:0.004000s ]
INFO: ShowRuntime Behavior ::run [ RunTime:0.004000s ]
INFO: [ view_filter ] --END-- [ RunTime:0.019001s ]
INFO: [ view_end ] --START--
INFO: ShowPageTrace Behavior ::run [ RunTime:0.004000s ]
INFO: [ view_end ] --END-- [ RunTime:0.004000s ]

[ 2014-06-01T23:51:40+08:00 ] 127.0.0.1 /cardmanage/index.php/Index/menu
INFO: [ route_check ] --START--
INFO: CheckRoute Behavior ::run [ RunTime:0.007001s ]
INFO: [ route_check ] --END-- [ RunTime:0.008001s ]
INFO: [ app_begin ] --START--
INFO: ReadHtmlCache Behavior ::run [ RunTime:0.005001s ]
INFO: [ app_begin ] --END-- [ RunTime:0.006001s ]
SQL: select a.attname as "Field",
            t.typname as "Type",
            a.attnotnull as "Null",
            i.indisprimary as "Key",
            d.adsrc as "Default"
            from pg_class c
            inner join pg_attribute a on a.attrelid = c.oid
            inner join pg_type t on a.atttypid = t.oid
            left join pg_attrdef d on a.attrelid=d.adrelid and d.adnum=a.attnum
            left join pg_index i on a.attnum=ANY(i.indkey) and c.oid = i.indrelid
            where (c.relname='cb_account' or c.relname = lower('cb_account'))   AND a.attnum > 0
                order by a.attnum asc; [ RunTime:0.014000s ]
SQL: SELECT id,loginname FROM cb_account WHERE ( ownid=1 )  [ RunTime:0.002000s ]
INFO: [ view_parse ] --START--
INFO: ParseTemplate Behavior ::run [ RunTime:0.198012s ]
INFO: [ view_parse ] --END-- [ RunTime:0.198012s ]
INFO: [ view_filter ] --START--
INFO: ContentReplace Behavior ::run [ RunTime:0.004000s ]
INFO: TokenBuild Behavior ::run [ RunTime:0.004000s ]
INFO: WriteHtmlCache Behavior ::run [ RunTime:0.003000s ]
INFO: ShowRuntime Behavior ::run [ RunTime:0.004000s ]
INFO: [ view_filter ] --END-- [ RunTime:0.015000s ]
INFO: [ view_end ] --START--
INFO: ShowPageTrace Behavior ::run [ RunTime:0.004000s ]
INFO: [ view_end ] --END-- [ RunTime:0.005001s ]

[ 2014-06-01T23:51:41+08:00 ] 127.0.0.1 /cardmanage/index.php/Index/top
INFO: [ route_check ] --START--
INFO: CheckRoute Behavior ::run [ RunTime:0.066004s ]
INFO: [ route_check ] --END-- [ RunTime:0.067004s ]
INFO: [ app_begin ] --START--
INFO: ReadHtmlCache Behavior ::run [ RunTime:0.007000s ]
INFO: [ app_begin ] --END-- [ RunTime:0.008000s ]
SQL: select a.attname as "Field",
            t.typname as "Type",
            a.attnotnull as "Null",
            i.indisprimary as "Key",
            d.adsrc as "Default"
            from pg_class c
            inner join pg_attribute a on a.attrelid = c.oid
            inner join pg_type t on a.atttypid = t.oid
            left join pg_attrdef d on a.attrelid=d.adrelid and d.adnum=a.attnum
            left join pg_index i on a.attnum=ANY(i.indkey) and c.oid = i.indrelid
            where (c.relname='cb_account' or c.relname = lower('cb_account'))   AND a.attnum > 0
                order by a.attnum asc; [ RunTime:0.016001s ]
SQL: SELECT balance FROM cb_account WHERE ( id=1 ) LIMIT 1   [ RunTime:0.004000s ]
INFO: [ view_parse ] --START--
INFO: ParseTemplate Behavior ::run [ RunTime:0.059003s ]
INFO: [ view_parse ] --END-- [ RunTime:0.060003s ]
INFO: [ view_filter ] --START--
INFO: ContentReplace Behavior ::run [ RunTime:0.006001s ]
INFO: TokenBuild Behavior ::run [ RunTime:0.006000s ]
INFO: WriteHtmlCache Behavior ::run [ RunTime:0.005000s ]
INFO: ShowRuntime Behavior ::run [ RunTime:0.006000s ]
INFO: [ view_filter ] --END-- [ RunTime:0.026002s ]
INFO: [ view_end ] --START--
INFO: ShowPageTrace Behavior ::run [ RunTime:0.006000s ]
INFO: [ view_end ] --END-- [ RunTime:0.007000s ]

[ 2014-06-01T23:51:41+08:00 ] 127.0.0.1 /cardmanage/index.php/Index/bottom
INFO: [ route_check ] --START--
INFO: CheckRoute Behavior ::run [ RunTime:0.005001s ]
INFO: [ route_check ] --END-- [ RunTime:0.007001s ]
INFO: [ app_begin ] --START--
INFO: ReadHtmlCache Behavior ::run [ RunTime:0.004000s ]
INFO: [ app_begin ] --END-- [ RunTime:0.005000s ]
INFO: [ view_parse ] --START--
INFO: ParseTemplate Behavior ::run [ RunTime:0.044003s ]
INFO: [ view_parse ] --END-- [ RunTime:0.045003s ]
INFO: [ view_filter ] --START--
INFO: ContentReplace Behavior ::run [ RunTime:0.004000s ]
INFO: TokenBuild Behavior ::run [ RunTime:0.003000s ]
INFO: WriteHtmlCache Behavior ::run [ RunTime:0.003001s ]
INFO: ShowRuntime Behavior ::run [ RunTime:0.003000s ]
INFO: [ view_filter ] --END-- [ RunTime:0.013001s ]
INFO: [ view_end ] --START--
INFO: ShowPageTrace Behavior ::run [ RunTime:0.003000s ]
INFO: [ view_end ] --END-- [ RunTime:0.003000s ]

[ 2014-06-01T23:51:43+08:00 ] 127.0.0.1 /cardmanage/index.php/ProducecardBy/index
INFO: [ route_check ] --START--
INFO: CheckRoute Behavior ::run [ RunTime:0.006000s ]
INFO: [ route_check ] --END-- [ RunTime:0.007000s ]
INFO: [ app_begin ] --START--
INFO: ReadHtmlCache Behavior ::run [ RunTime:0.006000s ]
INFO: [ app_begin ] --END-- [ RunTime:0.007000s ]
INFO: [ view_parse ] --START--
INFO: ParseTemplate Behavior ::run [ RunTime:0.079005s ]
INFO: [ view_parse ] --END-- [ RunTime:0.080005s ]
INFO: [ view_filter ] --START--
INFO: ContentReplace Behavior ::run [ RunTime:0.003000s ]
INFO: TokenBuild Behavior ::run [ RunTime:0.005000s ]
INFO: WriteHtmlCache Behavior ::run [ RunTime:0.004001s ]
INFO: ShowRuntime Behavior ::run [ RunTime:0.005000s ]
INFO: [ view_filter ] --END-- [ RunTime:0.019001s ]
INFO: [ view_end ] --START--
INFO: ShowPageTrace Behavior ::run [ RunTime:0.005000s ]
INFO: [ view_end ] --END-- [ RunTime:0.007000s ]

[ 2014-06-01T23:51:56+08:00 ] 127.0.0.1 /cardmanage/index.php/ProducecardBy/producecard_by
INFO: [ route_check ] --START--
INFO: CheckRoute Behavior ::run [ RunTime:0.006001s ]
INFO: [ route_check ] --END-- [ RunTime:0.007001s ]
INFO: [ app_begin ] --START--
INFO: ReadHtmlCache Behavior ::run [ RunTime:0.006000s ]
INFO: [ app_begin ] --END-- [ RunTime:0.006000s ]
SQL: select a.attname as "Field",
            t.typname as "Type",
            a.attnotnull as "Null",
            i.indisprimary as "Key",
            d.adsrc as "Default"
            from pg_class c
            inner join pg_attribute a on a.attrelid = c.oid
            inner join pg_type t on a.atttypid = t.oid
            left join pg_attrdef d on a.attrelid=d.adrelid and d.adnum=a.attnum
            left join pg_index i on a.attnum=ANY(i.indkey) and c.oid = i.indrelid
            where (c.relname='cb_cards' or c.relname = lower('cb_cards'))   AND a.attnum > 0
                order by a.attnum asc; [ RunTime:0.025001s ]
NOTIC: [8] Undefined variable: money C:\wamp\www\cardmanage\Home\Lib\Action\ProducecardByAction.class.php 第 38 行.
SQL: select id,cardnum,ownid,subownid,status from cb_cards where cardnum >= trim(to_char(1,'000000')) and cardnum <= trim(to_char(30, '000000')) and length(cardnum) = 6 [ RunTime:0.073004s ]
NOTIC: [2] pg_query(): Query failed: 错误:  函数 pg_catalog.substring(double precision, integer, integer) 不存在
LINE 2: (trim(to_char(num, '000000')), substring(random() * 10000000...
                                       ^
HINT:  没有匹配指定名称和参数类型的函数. 您也许需要增加明确的类型转换.
QUERY:  insert into cb_cards (cardnum, cardpwd, status, money, createtime, openway, ownid, validityday, expirydate) values 
(trim(to_char(num, '000000')), substring(random() * 1000000000000000, 1, 6), 0, 0, date_part('epoch'::text, (now())::timestamp without time zone), 0, o_ownid, o_validityday, o_expirydate)
CONTEXT:  在SQL语句的第10行的PL/pgSQL函数callback_generate_card_by(integer,integer,integer,bigint,integer) C:\wamp\www\cardmanage\ThinkPHP\Extend\Driver\Db\DbPgsql.class.php 第 88 行.
SQL: SELECT callback_generate_card_by(1,30,30,1402329600,1) [ RunTime:0.189010s ]
ERR: 
 [ SQL语句 ] : SELECT callback_generate_card_by(1,30,30,1402329600,1)

[ 2014-06-01T23:52:02+08:00 ] 127.0.0.1 /cardmanage/index.php/Querycard/index
INFO: [ route_check ] --START--
INFO: CheckRoute Behavior ::run [ RunTime:0.017001s ]
INFO: [ route_check ] --END-- [ RunTime:0.025001s ]
INFO: [ app_begin ] --START--
INFO: ReadHtmlCache Behavior ::run [ RunTime:0.015001s ]
INFO: [ app_begin ] --END-- [ RunTime:0.017001s ]
NOTIC: [8] Undefined variable: data C:\wamp\www\cardmanage\Home\Lib\Action\QuerycardAction.class.php 第 66 行.
SQL: select a.attname as "Field",
            t.typname as "Type",
            a.attnotnull as "Null",
            i.indisprimary as "Key",
            d.adsrc as "Default"
            from pg_class c
            inner join pg_attribute a on a.attrelid = c.oid
            inner join pg_type t on a.atttypid = t.oid
            left join pg_attrdef d on a.attrelid=d.adrelid and d.adnum=a.attnum
            left join pg_index i on a.attnum=ANY(i.indkey) and c.oid = i.indrelid
            where (c.relname='cb_cards' or c.relname = lower('cb_cards'))   AND a.attnum > 0
                order by a.attnum asc; [ RunTime:0.019001s ]
NOTIC: [8] Undefined variable: data C:\wamp\www\cardmanage\Home\Lib\Action\QuerycardAction.class.php 第 80 行.
SQL: SELECT COUNT(*) AS tp_count FROM cb_cards LIMIT 1   [ RunTime:0.002000s ]
NOTIC: [8] Undefined variable: data C:\wamp\www\cardmanage\Home\Lib\Action\QuerycardAction.class.php 第 89 行.
SQL: SELECT * FROM cb_cards ORDER BY id desc LIMIT 17 OFFSET 0   [ RunTime:0.003000s ]
NOTIC: [8] Undefined variable: data C:\wamp\www\cardmanage\Home\Lib\Action\QuerycardAction.class.php 第 90 行.
SQL: SELECT id FROM cb_cards ORDER BY id desc  [ RunTime:0.002000s ]
SQL: select a.attname as "Field",
            t.typname as "Type",
            a.attnotnull as "Null",
            i.indisprimary as "Key",
            d.adsrc as "Default"
            from pg_class c
            inner join pg_attribute a on a.attrelid = c.oid
            inner join pg_type t on a.atttypid = t.oid
            left join pg_attrdef d on a.attrelid=d.adrelid and d.adnum=a.attnum
            left join pg_index i on a.attnum=ANY(i.indkey) and c.oid = i.indrelid
            where (c.relname='cb_account' or c.relname = lower('cb_account'))   AND a.attnum > 0
                order by a.attnum asc; [ RunTime:0.004000s ]
SQL: SELECT id,loginname FROM cb_account  [ RunTime:0.002000s ]
INFO: [ view_parse ] --START--
NOTIC: [8] Undefined variable: timer C:\wamp\www\cardmanage\Home\Runtime\Cache\03d6d54c8125a70435f7b9f1c32056c9.php 第 216 行.
INFO: ParseTemplate Behavior ::run [ RunTime:0.090005s ]
INFO: [ view_parse ] --END-- [ RunTime:0.092005s ]
INFO: [ view_filter ] --START--
INFO: ContentReplace Behavior ::run [ RunTime:0.004000s ]
INFO: TokenBuild Behavior ::run [ RunTime:0.004000s ]
INFO: WriteHtmlCache Behavior ::run [ RunTime:0.003000s ]
INFO: ShowRuntime Behavior ::run [ RunTime:0.006001s ]
INFO: [ view_filter ] --END-- [ RunTime:0.019002s ]
INFO: [ view_end ] --START--
INFO: ShowPageTrace Behavior ::run [ RunTime:0.004000s ]
INFO: [ view_end ] --END-- [ RunTime:0.005000s ]

[ 2014-06-01T23:52:09+08:00 ] 127.0.0.1 /cardmanage/index.php/Querycard/lockcard
INFO: [ route_check ] --START--
INFO: CheckRoute Behavior ::run [ RunTime:0.006000s ]
INFO: [ route_check ] --END-- [ RunTime:0.008001s ]
INFO: [ app_begin ] --START--
INFO: ReadHtmlCache Behavior ::run [ RunTime:0.006000s ]
INFO: [ app_begin ] --END-- [ RunTime:0.006000s ]
SQL: select a.attname as "Field",
            t.typname as "Type",
            a.attnotnull as "Null",
            i.indisprimary as "Key",
            d.adsrc as "Default"
            from pg_class c
            inner join pg_attribute a on a.attrelid = c.oid
            inner join pg_type t on a.atttypid = t.oid
            left join pg_attrdef d on a.attrelid=d.adrelid and d.adnum=a.attnum
            left join pg_index i on a.attnum=ANY(i.indkey) and c.oid = i.indrelid
            where (c.relname='cb_cards' or c.relname = lower('cb_cards'))   AND a.attnum > 0
                order by a.attnum asc; [ RunTime:0.019001s ]
SQL: SELECT status FROM cb_cards WHERE ( id=1 ) LIMIT 1   [ RunTime:0.004000s ]
SQL: UPDATE cb_cards SET status=3,locktime=1401637928 WHERE ( id=1 ) [ RunTime:0.010001s ]
NOTIC: [2] pg_query(): Query failed: 错误:  在这个会话中还没有定义lastval  C:\wamp\www\cardmanage\ThinkPHP\Extend\Driver\Db\DbPgsql.class.php 第 133 行.
NOTIC: [2] pg_fetch_array() expects parameter 1 to be resource, boolean given C:\wamp\www\cardmanage\ThinkPHP\Extend\Driver\Db\DbPgsql.class.php 第 134 行.
NOTIC: [2] pg_free_result() expects parameter 1 to be resource, boolean given C:\wamp\www\cardmanage\ThinkPHP\Extend\Driver\Db\DbPgsql.class.php 第 135 行.
SQL: SELECT * FROM cb_cards WHERE ( id=1 )  [ RunTime:0.004000s ]
SQL: select a.attname as "Field",
            t.typname as "Type",
            a.attnotnull as "Null",
            i.indisprimary as "Key",
            d.adsrc as "Default"
            from pg_class c
            inner join pg_attribute a on a.attrelid = c.oid
            inner join pg_type t on a.atttypid = t.oid
            left join pg_attrdef d on a.attrelid=d.adrelid and d.adnum=a.attnum
            left join pg_index i on a.attnum=ANY(i.indkey) and c.oid = i.indrelid
            where (c.relname='cb_log' or c.relname = lower('cb_log'))   AND a.attnum > 0
                order by a.attnum asc; [ RunTime:0.038002s ]
SQL: INSERT INTO cb_log (clientip,accountid,opertime,opertype,detail) VALUES ('127.0.0.1',1,'2014-06-01 23:52:08','修改卡状态','管理员timelesszhuang把00000010的状态修改为锁定') [ RunTime:0.053003s ]
NOTIC: [8] Undefined offset: 0 C:\wamp\www\cardmanage\ThinkPHP\Extend\Driver\Db\DbPgsql.class.php 第 134 行.

[ 2014-06-01T23:52:12+08:00 ] 127.0.0.1 /cardmanage/index.php/Querycard/updatecarddata?id=1
INFO: [ route_check ] --START--
INFO: CheckRoute Behavior ::run [ RunTime:0.010000s ]
INFO: [ route_check ] --END-- [ RunTime:0.012000s ]
INFO: [ app_begin ] --START--
INFO: ReadHtmlCache Behavior ::run [ RunTime:0.009001s ]
INFO: [ app_begin ] --END-- [ RunTime:0.011001s ]
SQL: select a.attname as "Field",
            t.typname as "Type",
            a.attnotnull as "Null",
            i.indisprimary as "Key",
            d.adsrc as "Default"
            from pg_class c
            inner join pg_attribute a on a.attrelid = c.oid
            inner join pg_type t on a.atttypid = t.oid
            left join pg_attrdef d on a.attrelid=d.adrelid and d.adnum=a.attnum
            left join pg_index i on a.attnum=ANY(i.indkey) and c.oid = i.indrelid
            where (c.relname='cb_cards' or c.relname = lower('cb_cards'))   AND a.attnum > 0
                order by a.attnum asc; [ RunTime:0.021001s ]
SQL: SELECT * FROM cb_cards WHERE ( id=1 )  [ RunTime:0.004001s ]
INFO: [ view_parse ] --START--
INFO: ParseTemplate Behavior ::run [ RunTime:0.098006s ]
INFO: [ view_parse ] --END-- [ RunTime:0.099006s ]
INFO: [ view_filter ] --START--
INFO: ContentReplace Behavior ::run [ RunTime:0.007001s ]
INFO: TokenBuild Behavior ::run [ RunTime:0.005000s ]
INFO: WriteHtmlCache Behavior ::run [ RunTime:0.004000s ]
INFO: ShowRuntime Behavior ::run [ RunTime:0.006001s ]
INFO: [ view_filter ] --END-- [ RunTime:0.025002s ]
INFO: [ view_end ] --START--
INFO: ShowPageTrace Behavior ::run [ RunTime:0.005000s ]
INFO: [ view_end ] --END-- [ RunTime:0.006000s ]

[ 2014-06-01T23:52:16+08:00 ] 127.0.0.1 /cardmanage/index.php/Querycard/updatecard
INFO: [ route_check ] --START--
INFO: CheckRoute Behavior ::run [ RunTime:0.005000s ]
INFO: [ route_check ] --END-- [ RunTime:0.006000s ]
INFO: [ app_begin ] --START--
INFO: ReadHtmlCache Behavior ::run [ RunTime:0.005000s ]
INFO: [ app_begin ] --END-- [ RunTime:0.005000s ]
SQL: select a.attname as "Field",
            t.typname as "Type",
            a.attnotnull as "Null",
            i.indisprimary as "Key",
            d.adsrc as "Default"
            from pg_class c
            inner join pg_attribute a on a.attrelid = c.oid
            inner join pg_type t on a.atttypid = t.oid
            left join pg_attrdef d on a.attrelid=d.adrelid and d.adnum=a.attnum
            left join pg_index i on a.attnum=ANY(i.indkey) and c.oid = i.indrelid
            where (c.relname='cb_cards' or c.relname = lower('cb_cards'))   AND a.attnum > 0
                order by a.attnum asc; [ RunTime:0.016000s ]
SQL: SELECT * FROM cb_cards WHERE ( id=1 ) LIMIT 1   [ RunTime:0.004000s ]
NOTIC: [2] pg_query(): Query failed: 错误:  无效的数字类型输入语法: &quot;&quot;
LINE 1: UPDATE cb_cards SET money='',cardpwd='123456',remark='',bind...
                                  ^ C:\wamp\www\cardmanage\ThinkPHP\Extend\Driver\Db\DbPgsql.class.php 第 114 行.
SQL: UPDATE cb_cards SET money='',cardpwd='123456',remark='',bindtel='',status=1 WHERE ( id=1 ) [ RunTime:0.005000s ]
ERR: 
 [ SQL语句 ] : UPDATE cb_cards SET money='',cardpwd='123456',remark='',bindtel='',status=1 WHERE ( id=1 )

[ 2014-06-01T23:52:20+08:00 ] 127.0.0.1 /cardmanage/index.php/Querycard/updatecard
INFO: [ route_check ] --START--
INFO: CheckRoute Behavior ::run [ RunTime:0.006000s ]
INFO: [ route_check ] --END-- [ RunTime:0.008001s ]
INFO: [ app_begin ] --START--
INFO: ReadHtmlCache Behavior ::run [ RunTime:0.009001s ]
INFO: [ app_begin ] --END-- [ RunTime:0.009001s ]
SQL: select a.attname as "Field",
            t.typname as "Type",
            a.attnotnull as "Null",
            i.indisprimary as "Key",
            d.adsrc as "Default"
            from pg_class c
            inner join pg_attribute a on a.attrelid = c.oid
            inner join pg_type t on a.atttypid = t.oid
            left join pg_attrdef d on a.attrelid=d.adrelid and d.adnum=a.attnum
            left join pg_index i on a.attnum=ANY(i.indkey) and c.oid = i.indrelid
            where (c.relname='cb_cards' or c.relname = lower('cb_cards'))   AND a.attnum > 0
                order by a.attnum asc; [ RunTime:0.015001s ]
SQL: SELECT * FROM cb_cards WHERE ( id=1 ) LIMIT 1   [ RunTime:0.005000s ]
NOTIC: [2] pg_query(): Query failed: 错误:  无效的数字类型输入语法: &quot;&quot;
LINE 1: UPDATE cb_cards SET money='',cardpwd='123456',remark='',bind...
                                  ^ C:\wamp\www\cardmanage\ThinkPHP\Extend\Driver\Db\DbPgsql.class.php 第 114 行.
SQL: UPDATE cb_cards SET money='',cardpwd='123456',remark='',bindtel='',status=1 WHERE ( id=1 ) [ RunTime:0.005001s ]
ERR: 
 [ SQL语句 ] : UPDATE cb_cards SET money='',cardpwd='123456',remark='',bindtel='',status=1 WHERE ( id=1 )

[ 2014-06-01T23:52:23+08:00 ] 127.0.0.1 /cardmanage/index.php/upcardpwd/index
INFO: [ route_check ] --START--
INFO: CheckRoute Behavior ::run [ RunTime:0.004001s ]
INFO: [ route_check ] --END-- [ RunTime:0.006001s ]
INFO: [ app_begin ] --START--
INFO: ReadHtmlCache Behavior ::run [ RunTime:0.005000s ]
INFO: [ app_begin ] --END-- [ RunTime:0.005000s ]
SQL: select a.attname as "Field",
            t.typname as "Type",
            a.attnotnull as "Null",
            i.indisprimary as "Key",
            d.adsrc as "Default"
            from pg_class c
            inner join pg_attribute a on a.attrelid = c.oid
            inner join pg_type t on a.atttypid = t.oid
            left join pg_attrdef d on a.attrelid=d.adrelid and d.adnum=a.attnum
            left join pg_index i on a.attnum=ANY(i.indkey) and c.oid = i.indrelid
            where (c.relname='cb_cards' or c.relname = lower('cb_cards'))   AND a.attnum > 0
                order by a.attnum asc; [ RunTime:0.021001s ]
SQL: SELECT COUNT(*) AS tp_count FROM cb_cards LIMIT 1   [ RunTime:0.005000s ]
SQL: SELECT * FROM cb_cards ORDER BY id desc LIMIT 17 OFFSET 0   [ RunTime:0.002000s ]
SQL: select a.attname as "Field",
            t.typname as "Type",
            a.attnotnull as "Null",
            i.indisprimary as "Key",
            d.adsrc as "Default"
            from pg_class c
            inner join pg_attribute a on a.attrelid = c.oid
            inner join pg_type t on a.atttypid = t.oid
            left join pg_attrdef d on a.attrelid=d.adrelid and d.adnum=a.attnum
            left join pg_index i on a.attnum=ANY(i.indkey) and c.oid = i.indrelid
            where (c.relname='cb_account' or c.relname = lower('cb_account'))   AND a.attnum > 0
                order by a.attnum asc; [ RunTime:0.010001s ]
SQL: SELECT id,loginname FROM cb_account  [ RunTime:0.006000s ]
INFO: [ view_parse ] --START--
NOTIC: [8] Undefined variable: timer C:\wamp\www\cardmanage\Home\Runtime\Cache\9c674b8f20b6367ad3449d7a81bec7e4.php 第 134 行.
INFO: ParseTemplate Behavior ::run [ RunTime:0.121007s ]
INFO: [ view_parse ] --END-- [ RunTime:0.123007s ]
INFO: [ view_filter ] --START--
INFO: ContentReplace Behavior ::run [ RunTime:0.008000s ]
INFO: TokenBuild Behavior ::run [ RunTime:0.006001s ]
INFO: WriteHtmlCache Behavior ::run [ RunTime:0.005000s ]
INFO: ShowRuntime Behavior ::run [ RunTime:0.008000s ]
INFO: [ view_filter ] --END-- [ RunTime:0.030001s ]
INFO: [ view_end ] --START--
INFO: ShowPageTrace Behavior ::run [ RunTime:0.006000s ]
INFO: [ view_end ] --END-- [ RunTime:0.008001s ]

