[ 2014-05-28T15:27:38+08:00 ] 127.0.0.1 /cardmanage/
INFO: [ app_begin ] --START--
INFO: ReadHtmlCache Behavior ::run [ RunTime:0.053003s ]
INFO: [ app_begin ] --END-- [ RunTime:0.226013s ]

[ 2014-05-28T15:27:39+08:00 ] 127.0.0.1 /cardmanage/index.php?m=login&a=index
INFO: [ app_begin ] --START--
INFO: ReadHtmlCache Behavior ::run [ RunTime:0.009001s ]
INFO: [ app_begin ] --END-- [ RunTime:0.009001s ]
INFO: [ view_parse ] --START--
NOTIC: [8] Undefined variable: erro C:\wamp\www\cardmanage\Home\Runtime\Cache\fe9703200f8417a0c6155a1fe6fdc2c0.php 第 31 行.
INFO: ParseTemplate Behavior ::run [ RunTime:0.400023s ]
INFO: [ view_parse ] --END-- [ RunTime:0.400023s ]
INFO: [ view_filter ] --START--
INFO: ContentReplace Behavior ::run [ RunTime:0.034002s ]
INFO: TokenBuild Behavior ::run [ RunTime:0.092006s ]
INFO: WriteHtmlCache Behavior ::run [ RunTime:0.021001s ]
INFO: ShowRuntime Behavior ::run [ RunTime:0.024001s ]
INFO: [ view_filter ] --END-- [ RunTime:0.174010s ]
INFO: [ view_end ] --START--
INFO: ShowPageTrace Behavior ::run [ RunTime:0.016001s ]
INFO: [ view_end ] --END-- [ RunTime:0.018001s ]

[ 2014-05-28T15:27:41+08:00 ] 127.0.0.1 /cardmanage/index.php/Public/verify
INFO: [ route_check ] --START--
INFO: CheckRoute Behavior ::run [ RunTime:0.058003s ]
INFO: [ route_check ] --END-- [ RunTime:0.059003s ]
INFO: [ app_begin ] --START--
INFO: ReadHtmlCache Behavior ::run [ RunTime:0.005000s ]
INFO: [ app_begin ] --END-- [ RunTime:0.006000s ]

[ 2014-05-28T15:28:12+08:00 ] 127.0.0.1 /cardmanage/index.php/Login/islogin
INFO: [ route_check ] --START--
INFO: CheckRoute Behavior ::run [ RunTime:0.003000s ]
INFO: [ route_check ] --END-- [ RunTime:0.004000s ]
INFO: [ app_begin ] --START--
INFO: ReadHtmlCache Behavior ::run [ RunTime:0.002001s ]
INFO: [ app_begin ] --END-- [ RunTime:0.003001s ]
NOTIC: [2] pg_connect(): Unable to connect to PostgreSQL server: could not connect to server: Connection timed out (0x0000274C/10060)
	Is the server running on host &quot;192.168.1.18&quot; and accepting
	TCP/IP connections on port 5432? C:\wamp\www\cardmanage\ThinkPHP\Extend\Driver\Db\DbPgsql.class.php 第 48 行.
NOTIC: [2] pg_last_error() expects parameter 1 to be resource, null given C:\wamp\www\cardmanage\ThinkPHP\Extend\Driver\Db\DbPgsql.class.php 第 265 行.
ERR: 
ERR: 

[ 2014-05-28T18:33:34+08:00 ] 127.0.0.1 /cardmanage/
INFO: [ app_begin ] --START--
INFO: ReadHtmlCache Behavior ::run [ RunTime:0.025001s ]
INFO: [ app_begin ] --END-- [ RunTime:0.027002s ]

[ 2014-05-28T18:33:35+08:00 ] 127.0.0.1 /cardmanage/index.php?m=login&a=index
INFO: [ app_begin ] --START--
INFO: ReadHtmlCache Behavior ::run [ RunTime:0.003000s ]
INFO: [ app_begin ] --END-- [ RunTime:0.005000s ]
INFO: [ view_parse ] --START--
NOTIC: [8] Undefined variable: erro C:\wamp\www\cardmanage\Home\Runtime\Cache\fe9703200f8417a0c6155a1fe6fdc2c0.php 第 31 行.
INFO: ParseTemplate Behavior ::run [ RunTime:0.609035s ]
INFO: [ view_parse ] --END-- [ RunTime:0.609035s ]
INFO: [ view_filter ] --START--
INFO: ContentReplace Behavior ::run [ RunTime:0.032002s ]
INFO: TokenBuild Behavior ::run [ RunTime:0.121007s ]
INFO: WriteHtmlCache Behavior ::run [ RunTime:0.050003s ]
INFO: ShowRuntime Behavior ::run [ RunTime:0.032002s ]
INFO: [ view_filter ] --END-- [ RunTime:0.239014s ]
INFO: [ view_end ] --START--
INFO: ShowPageTrace Behavior ::run [ RunTime:0.279016s ]
INFO: [ view_end ] --END-- [ RunTime:0.281016s ]

[ 2014-05-28T18:33:37+08:00 ] 127.0.0.1 /cardmanage/index.php/Public/verify
INFO: [ route_check ] --START--
INFO: CheckRoute Behavior ::run [ RunTime:0.021001s ]
INFO: [ route_check ] --END-- [ RunTime:0.022001s ]
INFO: [ app_begin ] --START--
INFO: ReadHtmlCache Behavior ::run [ RunTime:0.008001s ]
INFO: [ app_begin ] --END-- [ RunTime:0.009001s ]

