[ 2014-05-29T08:21:33+08:00 ] 127.0.0.1 /cardmanage/
INFO: [ app_begin ] --START--
INFO: ReadHtmlCache Behavior ::run [ RunTime:0.314009s ]
INFO: [ app_begin ] --END-- [ RunTime:0.631016s ]

[ 2014-05-29T08:21:35+08:00 ] 127.0.0.1 /cardmanage/index.php?m=login&a=index
INFO: [ app_begin ] --START--
INFO: ReadHtmlCache Behavior ::run [ RunTime:0.004000s ]
INFO: [ app_begin ] --END-- [ RunTime:0.004000s ]
INFO: [ view_parse ] --START--
NOTIC: [8] Undefined variable: erro C:\wamp\www\cardmanage\Home\Runtime\Cache\fe9703200f8417a0c6155a1fe6fdc2c0.php 第 31 行.
INFO: ParseTemplate Behavior ::run [ RunTime:1.009036s ]
INFO: [ view_parse ] --END-- [ RunTime:1.009036s ]
INFO: [ view_filter ] --START--
INFO: ContentReplace Behavior ::run [ RunTime:0.060004s ]
INFO: TokenBuild Behavior ::run [ RunTime:0.186006s ]
INFO: WriteHtmlCache Behavior ::run [ RunTime:0.202007s ]
INFO: ShowRuntime Behavior ::run [ RunTime:0.015000s ]
INFO: [ view_filter ] --END-- [ RunTime:0.467018s ]
INFO: [ view_end ] --START--
INFO: ShowPageTrace Behavior ::run [ RunTime:0.042003s ]
INFO: [ view_end ] --END-- [ RunTime:0.043003s ]

[ 2014-05-29T08:21:40+08:00 ] 127.0.0.1 /cardmanage/index.php/Public/verify
INFO: [ route_check ] --START--
INFO: CheckRoute Behavior ::run [ RunTime:0.051001s ]
INFO: [ route_check ] --END-- [ RunTime:0.052001s ]
INFO: [ app_begin ] --START--
INFO: ReadHtmlCache Behavior ::run [ RunTime:0.002000s ]
INFO: [ app_begin ] --END-- [ RunTime:0.012000s ]

[ 2014-05-29T08:21:45+08:00 ] 127.0.0.1 /cardmanage/index.php/Login/islogin
INFO: [ route_check ] --START--
INFO: CheckRoute Behavior ::run [ RunTime:0.006000s ]
INFO: [ route_check ] --END-- [ RunTime:0.007000s ]
INFO: [ app_begin ] --START--
INFO: ReadHtmlCache Behavior ::run [ RunTime:0.007000s ]
INFO: [ app_begin ] --END-- [ RunTime:0.007000s ]
NOTIC: [8] Use of undefined constant login - assumed 'login' C:\wamp\www\cardmanage\Home\Lib\Action\LoginAction.class.php 第 33 行.
NOTIC: [8] Use of undefined constant index - assumed 'index' C:\wamp\www\cardmanage\Home\Lib\Action\LoginAction.class.php 第 34 行.
INFO: [ view_parse ] --START--
INFO: ParseTemplate Behavior ::run [ RunTime:0.137005s ]
INFO: [ view_parse ] --END-- [ RunTime:0.137005s ]
INFO: [ view_filter ] --START--
INFO: ContentReplace Behavior ::run [ RunTime:0.006000s ]
INFO: TokenBuild Behavior ::run [ RunTime:0.004001s ]
INFO: WriteHtmlCache Behavior ::run [ RunTime:0.008000s ]
INFO: ShowRuntime Behavior ::run [ RunTime:0.010001s ]
INFO: [ view_filter ] --END-- [ RunTime:0.030002s ]
INFO: [ view_end ] --START--
INFO: ShowPageTrace Behavior ::run [ RunTime:0.005000s ]
INFO: [ view_end ] --END-- [ RunTime:0.005000s ]

[ 2014-05-29T08:21:45+08:00 ] 127.0.0.1 /cardmanage/index.php/Public/verify
INFO: [ route_check ] --START--
INFO: CheckRoute Behavior ::run [ RunTime:0.002000s ]
INFO: [ route_check ] --END-- [ RunTime:0.004000s ]
INFO: [ app_begin ] --START--
INFO: ReadHtmlCache Behavior ::run [ RunTime:0.003000s ]
INFO: [ app_begin ] --END-- [ RunTime:0.003000s ]

[ 2014-05-29T08:22:01+08:00 ] 127.0.0.1 /cardmanage/index.php/Login/islogin
INFO: [ route_check ] --START--
INFO: CheckRoute Behavior ::run [ RunTime:0.010000s ]
INFO: [ route_check ] --END-- [ RunTime:0.011000s ]
INFO: [ app_begin ] --START--
INFO: ReadHtmlCache Behavior ::run [ RunTime:0.005000s ]
INFO: [ app_begin ] --END-- [ RunTime:0.005000s ]
SQL: select a.attname as "Field",
            t.typname as "Type",
            a.attnotnull as "Null",
            i.indisprimary as "Key",
            d.adsrc as "Default"
            from pg_class c
            inner join pg_attribute a on a.attrelid = c.oid
            inner join pg_type t on a.atttypid = t.oid
            left join pg_attrdef d on a.attrelid=d.adrelid and d.adnum=a.attnum
            left join pg_index i on a.attnum=ANY(i.indkey) and c.oid = i.indrelid
            where (c.relname='cb_account' or c.relname = lower('cb_account'))   AND a.attnum > 0
                order by a.attnum asc; [ RunTime:0.520016s ]
SQL: SELECT * FROM cb_account WHERE ( loginname='timelesszhuang' and loginpwd='e3ceb5881a0a1fdaad01296d7554868d' ) LIMIT 1   [ RunTime:0.359007s ]
INFO: [ view_parse ] --START--
INFO: ParseTemplate Behavior ::run [ RunTime:0.062003s ]
INFO: [ view_parse ] --END-- [ RunTime:0.063003s ]
INFO: [ view_filter ] --START--
INFO: ContentReplace Behavior ::run [ RunTime:0.000000s ]
INFO: TokenBuild Behavior ::run [ RunTime:0.010000s ]
INFO: WriteHtmlCache Behavior ::run [ RunTime:0.000000s ]
INFO: ShowRuntime Behavior ::run [ RunTime:0.013000s ]
INFO: [ view_filter ] --END-- [ RunTime:0.169005s ]
INFO: [ view_end ] --START--
INFO: ShowPageTrace Behavior ::run [ RunTime:0.010000s ]
INFO: [ view_end ] --END-- [ RunTime:0.010000s ]

[ 2014-05-29T08:22:02+08:00 ] 127.0.0.1 /cardmanage/index.php/Public/verify
INFO: [ route_check ] --START--
INFO: CheckRoute Behavior ::run [ RunTime:0.010000s ]
INFO: [ route_check ] --END-- [ RunTime:0.010000s ]
INFO: [ app_begin ] --START--
INFO: ReadHtmlCache Behavior ::run [ RunTime:0.012000s ]
INFO: [ app_begin ] --END-- [ RunTime:0.012000s ]

