[ 2014-04-22T09:08:28+08:00 ] 127.0.0.1 /cardmanage/index.php/Index/index
INFO: [ route_check ] --START--
INFO: CheckRoute Behavior ::run [ RunTime:0.002098s ]
INFO: [ route_check ] --END-- [ RunTime:0.002316s ]
INFO: [ app_begin ] --START--
INFO: ReadHtmlCache Behavior ::run [ RunTime:0.001511s ]
INFO: [ app_begin ] --END-- [ RunTime:0.001695s ]

[ 2014-04-22T09:08:29+08:00 ] 127.0.0.1 /cardmanage/index.php/login/index.shtml
INFO: [ route_check ] --START--
INFO: CheckRoute Behavior ::run [ RunTime:0.001683s ]
INFO: [ route_check ] --END-- [ RunTime:0.001907s ]
INFO: [ app_begin ] --START--
INFO: ReadHtmlCache Behavior ::run [ RunTime:0.001395s ]
INFO: [ app_begin ] --END-- [ RunTime:0.001568s ]
INFO: [ view_parse ] --START--
NOTIC: [8] Undefined variable: erro C:\wamp\www\cardmanage\Home\Runtime\Cache\fe9703200f8417a0c6155a1fe6fdc2c0.php 第 31 行.
INFO: ParseTemplate Behavior ::run [ RunTime:0.172162s ]
INFO: [ view_parse ] --END-- [ RunTime:0.172370s ]
INFO: [ view_filter ] --START--
INFO: ContentReplace Behavior ::run [ RunTime:0.017979s ]
INFO: TokenBuild Behavior ::run [ RunTime:0.058389s ]
INFO: WriteHtmlCache Behavior ::run [ RunTime:0.036268s ]
INFO: ShowRuntime Behavior ::run [ RunTime:0.025434s ]
INFO: [ view_filter ] --END-- [ RunTime:0.138807s ]
INFO: [ view_end ] --START--
INFO: ShowPageTrace Behavior ::run [ RunTime:0.039703s ]
INFO: [ view_end ] --END-- [ RunTime:0.039959s ]

[ 2014-04-22T09:08:30+08:00 ] 127.0.0.1 /cardmanage/index.php/Public/verify
INFO: [ route_check ] --START--
INFO: CheckRoute Behavior ::run [ RunTime:0.001567s ]
INFO: [ route_check ] --END-- [ RunTime:0.001757s ]
INFO: [ app_begin ] --START--
INFO: ReadHtmlCache Behavior ::run [ RunTime:0.001232s ]
INFO: [ app_begin ] --END-- [ RunTime:0.001392s ]

